<?xml version="1.0" encoding="UTF-8"?>
<testsuite xmlns:xsi="http://www.w3.org/2001/XMLSchema-instance" xsi:noNamespaceSchemaLocation="https://maven.apache.org/surefire/maven-surefire-plugin/xsd/surefire-test-report-3.0.xsd" version="3.0" name="com.example.citas.ApiValidationAndCitaIntegrationTest" time="11.061" tests="8" errors="0" skipped="0" failures="0">
  <properties>
    <property name="java.specification.version" value="24"/>
    <property name="sun.cpu.isalist" value="amd64"/>
    <property name="sun.jnu.encoding" value="Cp1252"/>
    <property name="java.class.path" value="C:\Users\santi\Downloads\Clinica\citas_api\target\test-classes;C:\Users\santi\Downloads\Clinica\citas_api\target\classes;C:\Users\santi\.m2\repository\org\springframework\boot\spring-boot-starter-data-jpa\3.5.4\spring-boot-starter-data-jpa-3.5.4.jar;C:\Users\santi\.m2\repository\org\springframework\boot\spring-boot-starter\3.5.4\spring-boot-starter-3.5.4.jar;C:\Users\santi\.m2\repository\org\springframework\boot\spring-boot\3.5.4\spring-boot-3.5.4.jar;C:\Users\santi\.m2\repository\org\springframework\boot\spring-boot-autoconfigure\3.5.4\spring-boot-autoconfigure-3.5.4.jar;C:\Users\santi\.m2\repository\org\springframework\boot\spring-boot-starter-logging\3.5.4\spring-boot-starter-logging-3.5.4.jar;C:\Users\santi\.m2\repository\ch\qos\logback\logback-classic\1.5.18\logback-classic-1.5.18.jar;C:\Users\santi\.m2\repository\ch\qos\logback\logback-core\1.5.18\logback-core-1.5.18.jar;C:\Users\santi\.m2\repository\org\apache\logging\log4j\log4j-to-slf4j\2.24.3\log4j-to-slf4j-2.24.3.jar;C:\Users\santi\.m2\repository\org\apache\logging\log4j\log4j-api\2.24.3\log4j-api-2.24.3.jar;C:\Users\santi\.m2\repository\org\slf4j\jul-to-slf4j\2.0.17\jul-to-slf4j-2.0.17.jar;C:\Users\santi\.m2\repository\jakarta\annotation\jakarta.annotation-api\2.1.1\jakarta.annotation-api-2.1.1.jar;C:\Users\santi\.m2\repository\org\yaml\snakeyaml\2.4\snakeyaml-2.4.jar;C:\Users\santi\.m2\repository\org\springframework\boot\spring-boot-starter-jdbc\3.5.4\spring-boot-starter-jdbc-3.5.4.jar;C:\Users\santi\.m2\repository\com\zaxxer\HikariCP\6.3.1\HikariCP-6.3.1.jar;C:\Users\santi\.m2\repository\org\springframework\spring-jdbc\6.2.9\spring-jdbc-6.2.9.jar;C:\Users\santi\.m2\repository\org\hibernate\orm\hibernate-core\6.6.22.Final\hibernate-core-6.6.22.Final.jar;C:\Users\santi\.m2\repository\jakarta\persistence\jakarta.persistence-api\3.1.0\jakarta.persistence-api-3.1.0.jar;C:\Users\santi\.m2\repository\jakarta\transaction\jakarta.transaction-api\2.0.1\jakarta.transaction-api-2.0.1.jar;C:\Users\santi\.m2\repository\org\jboss\logging\jboss-logging\3.6.1.Final\jboss-logging-3.6.1.Final.jar;C:\Users\santi\.m2\repository\org\hibernate\common\hibernate-commons-annotations\7.0.3.Final\hibernate-commons-annotations-7.0.3.Final.jar;C:\Users\santi\.m2\repository\io\smallrye\jandex\3.2.0\jandex-3.2.0.jar;C:\Users\santi\.m2\repository\com\fasterxml\classmate\1.7.0\classmate-1.7.0.jar;C:\Users\santi\.m2\repository\net\bytebuddy\byte-buddy\1.17.6\byte-buddy-1.17.6.jar;C:\Users\santi\.m2\repository\org\glassfish\jaxb\jaxb-runtime\4.0.5\jaxb-runtime-4.0.5.jar;C:\Users\santi\.m2\repository\org\glassfish\jaxb\jaxb-core\4.0.5\jaxb-core-4.0.5.jar;C:\Users\santi\.m2\repository\org\eclipse\angus\angus-activation\2.0.2\angus-activation-2.0.2.jar;C:\Users\santi\.m2\repository\org\glassfish\jaxb\txw2\4.0.5\txw2-4.0.5.jar;C:\Users\santi\.m2\repository\com\sun\istack\istack-commons-runtime\4.1.2\istack-commons-runtime-4.1.2.jar;C:\Users\santi\.m2\repository\jakarta\inject\jakarta.inject-api\2.0.1\jakarta.inject-api-2.0.1.jar;C:\Users\santi\.m2\repository\org\antlr\antlr4-runtime\4.13.0\antlr4-runtime-4.13.0.jar;C:\Users\santi\.m2\repository\org\springframework\data\spring-data-jpa\3.5.2\spring-data-jpa-3.5.2.jar;C:\Users\santi\.m2\repository\org\springframework\data\spring-data-commons\3.5.2\spring-data-commons-3.5.2.jar;C:\Users\santi\.m2\repository\org\springframework\spring-orm\6.2.9\spring-orm-6.2.9.jar;C:\Users\santi\.m2\repository\org\springframework\spring-context\6.2.9\spring-context-6.2.9.jar;C:\Users\santi\.m2\repository\org\springframework\spring-aop\6.2.9\spring-aop-6.2.9.jar;C:\Users\santi\.m2\repository\org\springframework\spring-tx\6.2.9\spring-tx-6.2.9.jar;C:\Users\santi\.m2\repository\org\springframework\spring-beans\6.2.9\spring-beans-6.2.9.jar;C:\Users\santi\.m2\repository\org\slf4j\slf4j-api\2.0.17\slf4j-api-2.0.17.jar;C:\Users\santi\.m2\repository\org\springframework\spring-aspects\6.2.9\spring-aspects-6.2.9.jar;C:\Users\santi\.m2\repository\org\aspectj\aspectjweaver\1.9.24\aspectjweaver-1.9.24.jar;C:\Users\santi\.m2\repository\org\springframework\boot\spring-boot-starter-validation\3.5.4\spring-boot-starter-validation-3.5.4.jar;C:\Users\santi\.m2\repository\org\apache\tomcat\embed\tomcat-embed-el\10.1.43\tomcat-embed-el-10.1.43.jar;C:\Users\santi\.m2\repository\org\hibernate\validator\hibernate-validator\8.0.2.Final\hibernate-validator-8.0.2.Final.jar;C:\Users\santi\.m2\repository\jakarta\validation\jakarta.validation-api\3.0.2\jakarta.validation-api-3.0.2.jar;C:\Users\santi\.m2\repository\org\springframework\boot\spring-boot-starter-web\3.5.4\spring-boot-starter-web-3.5.4.jar;C:\Users\santi\.m2\repository\org\springframework\boot\spring-boot-starter-json\3.5.4\spring-boot-starter-json-3.5.4.jar;C:\Users\santi\.m2\repository\com\fasterxml\jackson\core\jackson-databind\2.19.2\jackson-databind-2.19.2.jar;C:\Users\santi\.m2\repository\com\fasterxml\jackson\core\jackson-annotations\2.19.2\jackson-annotations-2.19.2.jar;C:\Users\santi\.m2\repository\com\fasterxml\jackson\core\jackson-core\2.19.2\jackson-core-2.19.2.jar;C:\Users\santi\.m2\repository\com\fasterxml\jackson\datatype\jackson-datatype-jdk8\2.19.2\jackson-datatype-jdk8-2.19.2.jar;C:\Users\santi\.m2\repository\com\fasterxml\jackson\datatype\jackson-datatype-jsr310\2.19.2\jackson-datatype-jsr310-2.19.2.jar;C:\Users\santi\.m2\repository\com\fasterxml\jackson\module\jackson-module-parameter-names\2.19.2\jackson-module-parameter-names-2.19.2.jar;C:\Users\santi\.m2\repository\org\springframework\boot\spring-boot-starter-tomcat\3.5.4\spring-boot-starter-tomcat-3.5.4.jar;C:\Users\santi\.m2\repository\org\apache\tomcat\embed\tomcat-embed-core\10.1.43\tomcat-embed-core-10.1.43.jar;C:\Users\santi\.m2\repository\org\apache\tomcat\embed\tomcat-embed-websocket\10.1.43\tomcat-embed-websocket-10.1.43.jar;C:\Users\santi\.m2\repository\org\springframework\spring-web\6.2.9\spring-web-6.2.9.jar;C:\Users\santi\.m2\repository\io\micrometer\micrometer-observation\1.15.2\micrometer-observation-1.15.2.jar;C:\Users\santi\.m2\repository\io\micrometer\micrometer-commons\1.15.2\micrometer-commons-1.15.2.jar;C:\Users\santi\.m2\repository\org\springframework\spring-webmvc\6.2.9\spring-webmvc-6.2.9.jar;C:\Users\santi\.m2\repository\org\springframework\spring-expression\6.2.9\spring-expression-6.2.9.jar;C:\Users\santi\.m2\repository\com\mysql\mysql-connector-j\9.3.0\mysql-connector-j-9.3.0.jar;C:\Users\santi\.m2\repository\org\postgresql\postgresql\42.7.7\postgresql-42.7.7.jar;C:\Users\santi\.m2\repository\org\checkerframework\checker-qual\3.49.3\checker-qual-3.49.3.jar;C:\Users\santi\.m2\repository\org\projectlombok\lombok\1.18.38\lombok-1.18.38.jar;C:\Users\santi\.m2\repository\org\springframework\boot\spring-boot-starter-test\3.5.4\spring-boot-starter-test-3.5.4.jar;C:\Users\santi\.m2\repository\org\springframework\boot\spring-boot-test\3.5.4\spring-boot-test-3.5.4.jar;C:\Users\santi\.m2\repository\org\springframework\boot\spring-boot-test-autoconfigure\3.5.4\spring-boot-test-autoconfigure-3.5.4.jar;C:\Users\santi\.m2\repository\com\jayway\jsonpath\json-path\2.9.0\json-path-2.9.0.jar;C:\Users\santi\.m2\repository\jakarta\xml\bind\jakarta.xml.bind-api\4.0.2\jakarta.xml.bind-api-4.0.2.jar;C:\Users\santi\.m2\repository\jakarta\activation\jakarta.activation-api\2.1.3\jakarta.activation-api-2.1.3.jar;C:\Users\santi\.m2\repository\net\minidev\json-smart\2.5.2\json-smart-2.5.2.jar;C:\Users\santi\.m2\repository\net\minidev\accessors-smart\2.5.2\accessors-smart-2.5.2.jar;C:\Users\santi\.m2\repository\org\ow2\asm\asm\9.7.1\asm-9.7.1.jar;C:\Users\santi\.m2\repository\org\assertj\assertj-core\3.27.3\assertj-core-3.27.3.jar;C:\Users\santi\.m2\repository\org\awaitility\awaitility\4.2.2\awaitility-4.2.2.jar;C:\Users\santi\.m2\repository\org\hamcrest\hamcrest\3.0\hamcrest-3.0.jar;C:\Users\santi\.m2\repository\org\junit\jupiter\junit-jupiter\5.12.2\junit-jupiter-5.12.2.jar;C:\Users\santi\.m2\repository\org\junit\jupiter\junit-jupiter-api\5.12.2\junit-jupiter-api-5.12.2.jar;C:\Users\santi\.m2\repository\org\opentest4j\opentest4j\1.3.0\opentest4j-1.3.0.jar;C:\Users\santi\.m2\repository\org\junit\platform\junit-platform-commons\1.12.2\junit-platform-commons-1.12.2.jar;C:\Users\santi\.m2\repository\org\apiguardian\apiguardian-api\1.1.2\apiguardian-api-1.1.2.jar;C:\Users\santi\.m2\repository\org\junit\jupiter\junit-jupiter-params\5.12.2\junit-jupiter-params-5.12.2.jar;C:\Users\santi\.m2\repository\org\junit\jupiter\junit-jupiter-engine\5.12.2\junit-jupiter-engine-5.12.2.jar;C:\Users\santi\.m2\repository\org\junit\platform\junit-platform-engine\1.12.2\junit-platform-engine-1.12.2.jar;C:\Users\santi\.m2\repository\org\mockito\mockito-core\5.17.0\mockito-core-5.17.0.jar;C:\Users\santi\.m2\repository\net\bytebuddy\byte-buddy-agent\1.17.6\byte-buddy-agent-1.17.6.jar;C:\Users\santi\.m2\repository\org\objenesis\objenesis\3.3\objenesis-3.3.jar;C:\Users\santi\.m2\repository\org\mockito\mockito-junit-jupiter\5.17.0\mockito-junit-jupiter-5.17.0.jar;C:\Users\santi\.m2\repository\org\springframework\spring-core\6.2.9\spring-core-6.2.9.jar;C:\Users\santi\.m2\repository\org\springframework\spring-jcl\6.2.9\spring-jcl-6.2.9.jar;C:\Users\santi\.m2\repository\org\springframework\spring-test\6.2.9\spring-test-6.2.9.jar;C:\Users\santi\.m2\repository\org\xmlunit\xmlunit-core\2.10.3\xmlunit-core-2.10.3.jar;C:\Users\santi\.m2\repository\org\skyscreamer\jsonassert\1.5.3\jsonassert-1.5.3.jar;C:\Users\santi\.m2\repository\com\vaadin\external\google\android-json\0.0.20131108.vaadin1\android-json-0.0.20131108.vaadin1.jar;C:\Users\santi\.m2\repository\com\h2database\h2\2.3.232\h2-2.3.232.jar;"/>
    <property name="java.vm.vendor" value="Oracle Corporation"/>
    <property name="sun.arch.data.model" value="64"/>
    <property name="user.variant" value=""/>
    <property name="catalina.useNaming" value="false"/>
    <property name="java.vendor.url" value="https://java.oracle.com/"/>
    <property name="user.timezone" value="America/Guayaquil"/>
    <property name="org.jboss.logging.provider" value="slf4j"/>
    <property name="os.name" value="Windows 11"/>
    <property name="java.vm.specification.version" value="24"/>
    <property name="APPLICATION_NAME" value="citas-api"/>
    <property name="sun.java.launcher" value="SUN_STANDARD"/>
    <property name="user.country" value="EC"/>
    <property name="sun.boot.library.path" value="C:\Program Files\Java\jdk-24\bin"/>
    <property name="sun.java.command" value="C:\Users\santi\AppData\Local\Temp\surefire16046744853684637736\surefirebooter-20250815110619616_3.jar C:\Users\santi\AppData\Local\Temp\surefire16046744853684637736 2025-08-15T11-06-19_506-jvmRun1 surefire-20250815110619616_1tmp surefire_0-20250815110619616_2tmp"/>
    <property name="jdk.debug" value="release"/>
    <property name="surefire.test.class.path" value="C:\Users\santi\Downloads\Clinica\citas_api\target\test-classes;C:\Users\santi\Downloads\Clinica\citas_api\target\classes;C:\Users\santi\.m2\repository\org\springframework\boot\spring-boot-starter-data-jpa\3.5.4\spring-boot-starter-data-jpa-3.5.4.jar;C:\Users\santi\.m2\repository\org\springframework\boot\spring-boot-starter\3.5.4\spring-boot-starter-3.5.4.jar;C:\Users\santi\.m2\repository\org\springframework\boot\spring-boot\3.5.4\spring-boot-3.5.4.jar;C:\Users\santi\.m2\repository\org\springframework\boot\spring-boot-autoconfigure\3.5.4\spring-boot-autoconfigure-3.5.4.jar;C:\Users\santi\.m2\repository\org\springframework\boot\spring-boot-starter-logging\3.5.4\spring-boot-starter-logging-3.5.4.jar;C:\Users\santi\.m2\repository\ch\qos\logback\logback-classic\1.5.18\logback-classic-1.5.18.jar;C:\Users\santi\.m2\repository\ch\qos\logback\logback-core\1.5.18\logback-core-1.5.18.jar;C:\Users\santi\.m2\repository\org\apache\logging\log4j\log4j-to-slf4j\2.24.3\log4j-to-slf4j-2.24.3.jar;C:\Users\santi\.m2\repository\org\apache\logging\log4j\log4j-api\2.24.3\log4j-api-2.24.3.jar;C:\Users\santi\.m2\repository\org\slf4j\jul-to-slf4j\2.0.17\jul-to-slf4j-2.0.17.jar;C:\Users\santi\.m2\repository\jakarta\annotation\jakarta.annotation-api\2.1.1\jakarta.annotation-api-2.1.1.jar;C:\Users\santi\.m2\repository\org\yaml\snakeyaml\2.4\snakeyaml-2.4.jar;C:\Users\santi\.m2\repository\org\springframework\boot\spring-boot-starter-jdbc\3.5.4\spring-boot-starter-jdbc-3.5.4.jar;C:\Users\santi\.m2\repository\com\zaxxer\HikariCP\6.3.1\HikariCP-6.3.1.jar;C:\Users\santi\.m2\repository\org\springframework\spring-jdbc\6.2.9\spring-jdbc-6.2.9.jar;C:\Users\santi\.m2\repository\org\hibernate\orm\hibernate-core\6.6.22.Final\hibernate-core-6.6.22.Final.jar;C:\Users\santi\.m2\repository\jakarta\persistence\jakarta.persistence-api\3.1.0\jakarta.persistence-api-3.1.0.jar;C:\Users\santi\.m2\repository\jakarta\transaction\jakarta.transaction-api\2.0.1\jakarta.transaction-api-2.0.1.jar;C:\Users\santi\.m2\repository\org\jboss\logging\jboss-logging\3.6.1.Final\jboss-logging-3.6.1.Final.jar;C:\Users\santi\.m2\repository\org\hibernate\common\hibernate-commons-annotations\7.0.3.Final\hibernate-commons-annotations-7.0.3.Final.jar;C:\Users\santi\.m2\repository\io\smallrye\jandex\3.2.0\jandex-3.2.0.jar;C:\Users\santi\.m2\repository\com\fasterxml\classmate\1.7.0\classmate-1.7.0.jar;C:\Users\santi\.m2\repository\net\bytebuddy\byte-buddy\1.17.6\byte-buddy-1.17.6.jar;C:\Users\santi\.m2\repository\org\glassfish\jaxb\jaxb-runtime\4.0.5\jaxb-runtime-4.0.5.jar;C:\Users\santi\.m2\repository\org\glassfish\jaxb\jaxb-core\4.0.5\jaxb-core-4.0.5.jar;C:\Users\santi\.m2\repository\org\eclipse\angus\angus-activation\2.0.2\angus-activation-2.0.2.jar;C:\Users\santi\.m2\repository\org\glassfish\jaxb\txw2\4.0.5\txw2-4.0.5.jar;C:\Users\santi\.m2\repository\com\sun\istack\istack-commons-runtime\4.1.2\istack-commons-runtime-4.1.2.jar;C:\Users\santi\.m2\repository\jakarta\inject\jakarta.inject-api\2.0.1\jakarta.inject-api-2.0.1.jar;C:\Users\santi\.m2\repository\org\antlr\antlr4-runtime\4.13.0\antlr4-runtime-4.13.0.jar;C:\Users\santi\.m2\repository\org\springframework\data\spring-data-jpa\3.5.2\spring-data-jpa-3.5.2.jar;C:\Users\santi\.m2\repository\org\springframework\data\spring-data-commons\3.5.2\spring-data-commons-3.5.2.jar;C:\Users\santi\.m2\repository\org\springframework\spring-orm\6.2.9\spring-orm-6.2.9.jar;C:\Users\santi\.m2\repository\org\springframework\spring-context\6.2.9\spring-context-6.2.9.jar;C:\Users\santi\.m2\repository\org\springframework\spring-aop\6.2.9\spring-aop-6.2.9.jar;C:\Users\santi\.m2\repository\org\springframework\spring-tx\6.2.9\spring-tx-6.2.9.jar;C:\Users\santi\.m2\repository\org\springframework\spring-beans\6.2.9\spring-beans-6.2.9.jar;C:\Users\santi\.m2\repository\org\slf4j\slf4j-api\2.0.17\slf4j-api-2.0.17.jar;C:\Users\santi\.m2\repository\org\springframework\spring-aspects\6.2.9\spring-aspects-6.2.9.jar;C:\Users\santi\.m2\repository\org\aspectj\aspectjweaver\1.9.24\aspectjweaver-1.9.24.jar;C:\Users\santi\.m2\repository\org\springframework\boot\spring-boot-starter-validation\3.5.4\spring-boot-starter-validation-3.5.4.jar;C:\Users\santi\.m2\repository\org\apache\tomcat\embed\tomcat-embed-el\10.1.43\tomcat-embed-el-10.1.43.jar;C:\Users\santi\.m2\repository\org\hibernate\validator\hibernate-validator\8.0.2.Final\hibernate-validator-8.0.2.Final.jar;C:\Users\santi\.m2\repository\jakarta\validation\jakarta.validation-api\3.0.2\jakarta.validation-api-3.0.2.jar;C:\Users\santi\.m2\repository\org\springframework\boot\spring-boot-starter-web\3.5.4\spring-boot-starter-web-3.5.4.jar;C:\Users\santi\.m2\repository\org\springframework\boot\spring-boot-starter-json\3.5.4\spring-boot-starter-json-3.5.4.jar;C:\Users\santi\.m2\repository\com\fasterxml\jackson\core\jackson-databind\2.19.2\jackson-databind-2.19.2.jar;C:\Users\santi\.m2\repository\com\fasterxml\jackson\core\jackson-annotations\2.19.2\jackson-annotations-2.19.2.jar;C:\Users\santi\.m2\repository\com\fasterxml\jackson\core\jackson-core\2.19.2\jackson-core-2.19.2.jar;C:\Users\santi\.m2\repository\com\fasterxml\jackson\datatype\jackson-datatype-jdk8\2.19.2\jackson-datatype-jdk8-2.19.2.jar;C:\Users\santi\.m2\repository\com\fasterxml\jackson\datatype\jackson-datatype-jsr310\2.19.2\jackson-datatype-jsr310-2.19.2.jar;C:\Users\santi\.m2\repository\com\fasterxml\jackson\module\jackson-module-parameter-names\2.19.2\jackson-module-parameter-names-2.19.2.jar;C:\Users\santi\.m2\repository\org\springframework\boot\spring-boot-starter-tomcat\3.5.4\spring-boot-starter-tomcat-3.5.4.jar;C:\Users\santi\.m2\repository\org\apache\tomcat\embed\tomcat-embed-core\10.1.43\tomcat-embed-core-10.1.43.jar;C:\Users\santi\.m2\repository\org\apache\tomcat\embed\tomcat-embed-websocket\10.1.43\tomcat-embed-websocket-10.1.43.jar;C:\Users\santi\.m2\repository\org\springframework\spring-web\6.2.9\spring-web-6.2.9.jar;C:\Users\santi\.m2\repository\io\micrometer\micrometer-observation\1.15.2\micrometer-observation-1.15.2.jar;C:\Users\santi\.m2\repository\io\micrometer\micrometer-commons\1.15.2\micrometer-commons-1.15.2.jar;C:\Users\santi\.m2\repository\org\springframework\spring-webmvc\6.2.9\spring-webmvc-6.2.9.jar;C:\Users\santi\.m2\repository\org\springframework\spring-expression\6.2.9\spring-expression-6.2.9.jar;C:\Users\santi\.m2\repository\com\mysql\mysql-connector-j\9.3.0\mysql-connector-j-9.3.0.jar;C:\Users\santi\.m2\repository\org\postgresql\postgresql\42.7.7\postgresql-42.7.7.jar;C:\Users\santi\.m2\repository\org\checkerframework\checker-qual\3.49.3\checker-qual-3.49.3.jar;C:\Users\santi\.m2\repository\org\projectlombok\lombok\1.18.38\lombok-1.18.38.jar;C:\Users\santi\.m2\repository\org\springframework\boot\spring-boot-starter-test\3.5.4\spring-boot-starter-test-3.5.4.jar;C:\Users\santi\.m2\repository\org\springframework\boot\spring-boot-test\3.5.4\spring-boot-test-3.5.4.jar;C:\Users\santi\.m2\repository\org\springframework\boot\spring-boot-test-autoconfigure\3.5.4\spring-boot-test-autoconfigure-3.5.4.jar;C:\Users\santi\.m2\repository\com\jayway\jsonpath\json-path\2.9.0\json-path-2.9.0.jar;C:\Users\santi\.m2\repository\jakarta\xml\bind\jakarta.xml.bind-api\4.0.2\jakarta.xml.bind-api-4.0.2.jar;C:\Users\santi\.m2\repository\jakarta\activation\jakarta.activation-api\2.1.3\jakarta.activation-api-2.1.3.jar;C:\Users\santi\.m2\repository\net\minidev\json-smart\2.5.2\json-smart-2.5.2.jar;C:\Users\santi\.m2\repository\net\minidev\accessors-smart\2.5.2\accessors-smart-2.5.2.jar;C:\Users\santi\.m2\repository\org\ow2\asm\asm\9.7.1\asm-9.7.1.jar;C:\Users\santi\.m2\repository\org\assertj\assertj-core\3.27.3\assertj-core-3.27.3.jar;C:\Users\santi\.m2\repository\org\awaitility\awaitility\4.2.2\awaitility-4.2.2.jar;C:\Users\santi\.m2\repository\org\hamcrest\hamcrest\3.0\hamcrest-3.0.jar;C:\Users\santi\.m2\repository\org\junit\jupiter\junit-jupiter\5.12.2\junit-jupiter-5.12.2.jar;C:\Users\santi\.m2\repository\org\junit\jupiter\junit-jupiter-api\5.12.2\junit-jupiter-api-5.12.2.jar;C:\Users\santi\.m2\repository\org\opentest4j\opentest4j\1.3.0\opentest4j-1.3.0.jar;C:\Users\santi\.m2\repository\org\junit\platform\junit-platform-commons\1.12.2\junit-platform-commons-1.12.2.jar;C:\Users\santi\.m2\repository\org\apiguardian\apiguardian-api\1.1.2\apiguardian-api-1.1.2.jar;C:\Users\santi\.m2\repository\org\junit\jupiter\junit-jupiter-params\5.12.2\junit-jupiter-params-5.12.2.jar;C:\Users\santi\.m2\repository\org\junit\jupiter\junit-jupiter-engine\5.12.2\junit-jupiter-engine-5.12.2.jar;C:\Users\santi\.m2\repository\org\junit\platform\junit-platform-engine\1.12.2\junit-platform-engine-1.12.2.jar;C:\Users\santi\.m2\repository\org\mockito\mockito-core\5.17.0\mockito-core-5.17.0.jar;C:\Users\santi\.m2\repository\net\bytebuddy\byte-buddy-agent\1.17.6\byte-buddy-agent-1.17.6.jar;C:\Users\santi\.m2\repository\org\objenesis\objenesis\3.3\objenesis-3.3.jar;C:\Users\santi\.m2\repository\org\mockito\mockito-junit-jupiter\5.17.0\mockito-junit-jupiter-5.17.0.jar;C:\Users\santi\.m2\repository\org\springframework\spring-core\6.2.9\spring-core-6.2.9.jar;C:\Users\santi\.m2\repository\org\springframework\spring-jcl\6.2.9\spring-jcl-6.2.9.jar;C:\Users\santi\.m2\repository\org\springframework\spring-test\6.2.9\spring-test-6.2.9.jar;C:\Users\santi\.m2\repository\org\xmlunit\xmlunit-core\2.10.3\xmlunit-core-2.10.3.jar;C:\Users\santi\.m2\repository\org\skyscreamer\jsonassert\1.5.3\jsonassert-1.5.3.jar;C:\Users\santi\.m2\repository\com\vaadin\external\google\android-json\0.0.20131108.vaadin1\android-json-0.0.20131108.vaadin1.jar;C:\Users\santi\.m2\repository\com\h2database\h2\2.3.232\h2-2.3.232.jar;"/>
    <property name="sun.cpu.endian" value="little"/>
    <property name="user.home" value="C:\Users\santi"/>
    <property name="user.language" value="es"/>
    <property name="java.specification.vendor" value="Oracle Corporation"/>
    <property name="java.version.date" value="2025-04-15"/>
    <property name="java.home" value="C:\Program Files\Java\jdk-24"/>
    <property name="file.separator" value="\"/>
    <property name="basedir" value="C:\Users\santi\Downloads\Clinica\citas_api"/>
    <property name="java.vm.compressedOopsMode" value="Zero based"/>
    <property name="line.separator" value="&#10;"/>
    <property name="java.vm.specification.vendor" value="Oracle Corporation"/>
    <property name="java.specification.name" value="Java Platform API Specification"/>
    <property name="FILE_LOG_CHARSET" value="UTF-8"/>
    <property name="java.awt.headless" value="true"/>
    <property name="surefire.real.class.path" value="C:\Users\santi\AppData\Local\Temp\surefire16046744853684637736\surefirebooter-20250815110619616_3.jar"/>
    <property name="user.script" value=""/>
    <property name="sun.management.compiler" value="HotSpot 64-Bit Tiered Compilers"/>
    <property name="java.runtime.version" value="24.0.1+9-30"/>
    <property name="user.name" value="santi"/>
    <property name="stdout.encoding" value="Cp1252"/>
    <property name="path.separator" value=";"/>
    <property name="os.version" value="10.0"/>
    <property name="java.runtime.name" value="Java(TM) SE Runtime Environment"/>
    <property name="file.encoding" value="UTF-8"/>
    <property name="java.vm.name" value="Java HotSpot(TM) 64-Bit Server VM"/>
    <property name="localRepository" value="C:\Users\santi\.m2\repository"/>
    <property name="java.vendor.url.bug" value="https://bugreport.java.com/bugreport/"/>
    <property name="java.io.tmpdir" value="C:\Users\santi\AppData\Local\Temp\"/>
    <property name="catalina.home" value="C:\Users\santi\AppData\Local\Temp\tomcat.0.6720452087173290078"/>
    <property name="com.zaxxer.hikari.pool_number" value="8"/>
    <property name="java.version" value="24.0.1"/>
    <property name="user.dir" value="C:\Users\santi\Downloads\Clinica\citas_api"/>
    <property name="os.arch" value="amd64"/>
    <property name="java.vm.specification.name" value="Java Virtual Machine Specification"/>
    <property name="PID" value="3520"/>
    <property name="sun.os.patch.level" value=""/>
    <property name="CONSOLE_LOG_CHARSET" value="windows-1252"/>
    <property name="catalina.base" value="C:\Users\santi\AppData\Local\Temp\tomcat.0.12551025561457477035"/>
    <property name="native.encoding" value="Cp1252"/>
    <property name="java.library.path" value="C:\Program Files\Java\jdk-24\bin;C:\WINDOWS\Sun\Java\bin;C:\WINDOWS\system32;C:\WINDOWS;C:\flutter\bin\cache\dart-sdk\bin\;C:\Program Files\Common Files\Oracle\Java\javapath;C:\Program Files (x86)\Common Files\Oracle\Java\javapath;C:\WINDOWS\system32;C:\WINDOWS;C:\WINDOWS\System32\Wbem;C:\WINDOWS\System32\WindowsPowerShell\v1.0\;C:\WINDOWS\System32\OpenSSH\;C:\apache-cassandra-3.9-bin\bin;C:\Python27;C:\Program Files\Java\jdk-24\bin;C:\Program Files\dotnet\;C:\Program Files\nodejs\;C:\Program Files\Git\cmd;C:\apache-maven-3.9.11\bin;C:\Users\santi\AppData\Local\Programs\Python\Python312\Scripts\;C:\Users\santi\AppData\Local\Programs\Python\Python312\;C:\Users\santi\AppData\Local\Programs\Python\Launcher\;C:\Users\santi\AppData\Local\Microsoft\WindowsApps;C:\Users\santi\AppData\Local\Programs\Microsoft VS Code\bin;C:\Program Files\MongoDB\Server\8.0\bin\;C:\flutter\bin;C:\Users\santi\AppData\Roaming\npm;c:\Users\santi\AppData\Roaming\Code\User\globalStorage\github.copilot-chat\debugCommand;."/>
    <property name="java.vm.info" value="mixed mode, sharing"/>
    <property name="stderr.encoding" value="Cp1252"/>
    <property name="java.vendor" value="Oracle Corporation"/>
    <property name="java.vm.version" value="24.0.1+9-30"/>
    <property name="sun.io.unicode.encoding" value="UnicodeLittle"/>
    <property name="java.class.version" value="68.0"/>
    <property name="LOGGED_APPLICATION_NAME" value="[citas-api] "/>
  </properties>
  <testcase name="getNoExiste" classname="com.example.citas.ApiValidationAndCitaIntegrationTest" time="0.678">
    <system-out><![CDATA[11:06:20.443 [main] INFO org.springframework.test.context.support.AnnotationConfigContextLoaderUtils -- Could not detect default configuration classes for test class [com.example.citas.ApiValidationAndCitaIntegrationTest]: ApiValidationAndCitaIntegrationTest does not declare any static, non-private, non-final, nested classes annotated with @Configuration.
11:06:20.584 [main] INFO org.springframework.boot.test.context.SpringBootTestContextBootstrapper -- Found @SpringBootConfiguration com.example.citas.CitasApiApplication for test class com.example.citas.ApiValidationAndCitaIntegrationTest

  .   ____          _            __ _ _
 /\\ / ___'_ __ _ _(_)_ __  __ _ \ \ \ \
( ( )\___ | '_ | '_| | '_ \/ _` | \ \ \ \
 \\/  ___)| |_)| | | | | || (_| |  ) ) ) )
  '  |____| .__|_| |_|_| |_\__, | / / / /
 =========|_|==============|___/=/_/_/_/

 :: Spring Boot ::                (v3.5.4)

2025-08-15T11:06:21.188-05:00  INFO 3520 --- [citas-api] [           main] .e.c.ApiValidationAndCitaIntegrationTest : Starting ApiValidationAndCitaIntegrationTest using Java 24.0.1 with PID 3520 (started by santi in C:\Users\santi\Downloads\Clinica\citas_api)
2025-08-15T11:06:21.190-05:00  INFO 3520 --- [citas-api] [           main] .e.c.ApiValidationAndCitaIntegrationTest : No active profile set, falling back to 1 default profile: "default"
2025-08-15T11:06:21.994-05:00  INFO 3520 --- [citas-api] [           main] .s.d.r.c.RepositoryConfigurationDelegate : Bootstrapping Spring Data JPA repositories in DEFAULT mode.
2025-08-15T11:06:22.098-05:00  INFO 3520 --- [citas-api] [           main] .s.d.r.c.RepositoryConfigurationDelegate : Finished Spring Data repository scanning in 82 ms. Found 4 JPA repository interfaces.
2025-08-15T11:06:22.955-05:00  INFO 3520 --- [citas-api] [           main] o.s.b.w.embedded.tomcat.TomcatWebServer  : Tomcat initialized with port 0 (http)
2025-08-15T11:06:22.972-05:00  INFO 3520 --- [citas-api] [           main] o.apache.catalina.core.StandardService   : Starting service [Tomcat]
2025-08-15T11:06:22.972-05:00  INFO 3520 --- [citas-api] [           main] o.apache.catalina.core.StandardEngine    : Starting Servlet engine: [Apache Tomcat/10.1.43]
2025-08-15T11:06:23.044-05:00  INFO 3520 --- [citas-api] [           main] o.a.c.c.C.[Tomcat].[localhost].[/]       : Initializing Spring embedded WebApplicationContext
2025-08-15T11:06:23.045-05:00  INFO 3520 --- [citas-api] [           main] w.s.c.ServletWebServerApplicationContext : Root WebApplicationContext: initialization completed in 1824 ms
2025-08-15T11:06:23.335-05:00  INFO 3520 --- [citas-api] [           main] o.hibernate.jpa.internal.util.LogHelper  : HHH000204: Processing PersistenceUnitInfo [name: default]
2025-08-15T11:06:23.468-05:00  INFO 3520 --- [citas-api] [           main] org.hibernate.Version                    : HHH000412: Hibernate ORM core version 6.6.22.Final
2025-08-15T11:06:23.505-05:00  INFO 3520 --- [citas-api] [           main] o.h.c.internal.RegionFactoryInitiator    : HHH000026: Second-level cache disabled
2025-08-15T11:06:24.000-05:00  INFO 3520 --- [citas-api] [           main] o.s.o.j.p.SpringPersistenceUnitInfo      : No LoadTimeWeaver setup: ignoring JPA class transformer
2025-08-15T11:06:24.060-05:00  INFO 3520 --- [citas-api] [           main] com.zaxxer.hikari.HikariDataSource       : HikariPool-1 - Starting...
2025-08-15T11:06:24.324-05:00  INFO 3520 --- [citas-api] [           main] com.zaxxer.hikari.pool.HikariPool        : HikariPool-1 - Added connection conn0: url=jdbc:h2:mem:testdb user=SA
2025-08-15T11:06:24.328-05:00  INFO 3520 --- [citas-api] [           main] com.zaxxer.hikari.HikariDataSource       : HikariPool-1 - Start completed.
2025-08-15T11:06:24.356-05:00  WARN 3520 --- [citas-api] [           main] org.hibernate.orm.deprecation            : HHH90000025: H2Dialect does not need to be specified explicitly using 'hibernate.dialect' (remove the property setting and it will be selected by default)
2025-08-15T11:06:24.379-05:00  INFO 3520 --- [citas-api] [           main] org.hibernate.orm.connections.pooling    : HHH10001005: Database info:
	Database JDBC URL [Connecting through datasource 'HikariDataSource (HikariPool-1)']
	Database driver: undefined/unknown
	Database version: 2.3.232
	Autocommit mode: undefined/unknown
	Isolation level: undefined/unknown
	Minimum pool size: undefined/unknown
	Maximum pool size: undefined/unknown
2025-08-15T11:06:25.228-05:00  INFO 3520 --- [citas-api] [           main] o.h.e.t.j.p.i.JtaPlatformInitiator       : HHH000489: No JTA platform available (set 'hibernate.transaction.jta.platform' to enable JTA platform integration)
Hibernate: 
    drop table if exists cita cascade 
Hibernate: 
    drop table if exists consultorio cascade 
Hibernate: 
    drop table if exists medico cascade 
Hibernate: 
    drop table if exists paciente cascade 
Hibernate: 
    create table cita (
        fecha date,
        hora time(6),
        consultorio_id bigint not null,
        id bigint generated by default as identity,
        medico_id bigint not null,
        paciente_id bigint not null,
        primary key (id),
        constraint uk_medico_fecha_hora unique (medico_id, fecha, hora)
    )
Hibernate: 
    create table consultorio (
        piso integer,
        id bigint generated by default as identity,
        numero varchar(255) unique,
        primary key (id)
    )
Hibernate: 
    create table medico (
        id bigint generated by default as identity,
        apellido varchar(255),
        especialidad varchar(255),
        nombre varchar(255),
        primary key (id)
    )
Hibernate: 
    create table paciente (
        fecha_nacimiento date,
        id bigint generated by default as identity,
        apellido varchar(255),
        email varchar(255) unique,
        nombre varchar(255),
        primary key (id)
    )
Hibernate: 
    alter table if exists cita 
       add constraint FKdf90y1t11oyx02gw08l69ucxm 
       foreign key (consultorio_id) 
       references consultorio
Hibernate: 
    alter table if exists cita 
       add constraint FKdfrd023l6bdxh9tb21isevvth 
       foreign key (medico_id) 
       references medico
Hibernate: 
    alter table if exists cita 
       add constraint FKdbtp2mwrvqktqu8954d3xaddv 
       foreign key (paciente_id) 
       references paciente
2025-08-15T11:06:25.276-05:00  INFO 3520 --- [citas-api] [           main] j.LocalContainerEntityManagerFactoryBean : Initialized JPA EntityManagerFactory for persistence unit 'default'
2025-08-15T11:06:25.952-05:00  WARN 3520 --- [citas-api] [           main] JpaBaseConfiguration$JpaWebConfiguration : spring.jpa.open-in-view is enabled by default. Therefore, database queries may be performed during view rendering. Explicitly configure spring.jpa.open-in-view to disable this warning
2025-08-15T11:06:26.766-05:00  INFO 3520 --- [citas-api] [           main] o.s.b.w.embedded.tomcat.TomcatWebServer  : Tomcat started on port 59520 (http) with context path '/'
2025-08-15T11:06:26.777-05:00  INFO 3520 --- [citas-api] [           main] .e.c.ApiValidationAndCitaIntegrationTest : Started ApiValidationAndCitaIntegrationTest in 6.036 seconds (process running for 7.071)
2025-08-15T11:06:27.243-05:00  INFO 3520 --- [citas-api] [o-auto-1-exec-1] o.a.c.c.C.[Tomcat].[localhost].[/]       : Initializing Spring DispatcherServlet 'dispatcherServlet'
2025-08-15T11:06:27.244-05:00  INFO 3520 --- [citas-api] [o-auto-1-exec-1] o.s.web.servlet.DispatcherServlet        : Initializing Servlet 'dispatcherServlet'
2025-08-15T11:06:27.245-05:00  INFO 3520 --- [citas-api] [o-auto-1-exec-1] o.s.web.servlet.DispatcherServlet        : Completed initialization in 1 ms
Hibernate: 
    select
        p1_0.id,
        p1_0.apellido,
        p1_0.email,
        p1_0.fecha_nacimiento,
        p1_0.nombre 
    from
        paciente p1_0 
    where
        p1_0.id=?
2025-08-15T11:06:27.430-05:00  INFO 3520 --- [citas-api] [           main] o.s.b.w.e.tomcat.GracefulShutdown        : Commencing graceful shutdown. Waiting for active requests to complete
2025-08-15T11:06:27.439-05:00  INFO 3520 --- [citas-api] [tomcat-shutdown] o.s.b.w.e.tomcat.GracefulShutdown        : Graceful shutdown complete
2025-08-15T11:06:27.443-05:00  INFO 3520 --- [citas-api] [           main] j.LocalContainerEntityManagerFactoryBean : Closing JPA EntityManagerFactory for persistence unit 'default'
Hibernate: 
    drop table if exists cita cascade 
Hibernate: 
    drop table if exists consultorio cascade 
Hibernate: 
    drop table if exists medico cascade 
Hibernate: 
    drop table if exists paciente cascade 
2025-08-15T11:06:27.449-05:00  INFO 3520 --- [citas-api] [           main] com.zaxxer.hikari.HikariDataSource       : HikariPool-1 - Shutdown initiated...
2025-08-15T11:06:27.452-05:00  INFO 3520 --- [citas-api] [           main] com.zaxxer.hikari.HikariDataSource       : HikariPool-1 - Shutdown completed.
]]></system-out>
  </testcase>
  <testcase name="citaFechaPasada" classname="com.example.citas.ApiValidationAndCitaIntegrationTest" time="0.282">
    <system-out><![CDATA[
  .   ____          _            __ _ _
 /\\ / ___'_ __ _ _(_)_ __  __ _ \ \ \ \
( ( )\___ | '_ | '_| | '_ \/ _` | \ \ \ \
 \\/  ___)| |_)| | | | | || (_| |  ) ) ) )
  '  |____| .__|_| |_|_| |_\__, | / / / /
 =========|_|==============|___/=/_/_/_/

 :: Spring Boot ::                (v3.5.4)

2025-08-15T11:06:27.509-05:00  INFO 3520 --- [citas-api] [           main] .e.c.ApiValidationAndCitaIntegrationTest : Starting ApiValidationAndCitaIntegrationTest using Java 24.0.1 with PID 3520 (started by santi in C:\Users\santi\Downloads\Clinica\citas_api)
2025-08-15T11:06:27.509-05:00  INFO 3520 --- [citas-api] [           main] .e.c.ApiValidationAndCitaIntegrationTest : No active profile set, falling back to 1 default profile: "default"
2025-08-15T11:06:27.672-05:00  INFO 3520 --- [citas-api] [           main] .s.d.r.c.RepositoryConfigurationDelegate : Bootstrapping Spring Data JPA repositories in DEFAULT mode.
2025-08-15T11:06:27.685-05:00  INFO 3520 --- [citas-api] [           main] .s.d.r.c.RepositoryConfigurationDelegate : Finished Spring Data repository scanning in 12 ms. Found 4 JPA repository interfaces.
2025-08-15T11:06:27.742-05:00  INFO 3520 --- [citas-api] [           main] o.s.b.w.embedded.tomcat.TomcatWebServer  : Tomcat initialized with port 0 (http)
2025-08-15T11:06:27.743-05:00  INFO 3520 --- [citas-api] [           main] o.apache.catalina.core.StandardService   : Starting service [Tomcat]
2025-08-15T11:06:27.743-05:00  INFO 3520 --- [citas-api] [           main] o.apache.catalina.core.StandardEngine    : Starting Servlet engine: [Apache Tomcat/10.1.43]
2025-08-15T11:06:27.763-05:00  INFO 3520 --- [citas-api] [           main] o.a.c.c.C.[Tomcat].[localhost].[/]       : Initializing Spring embedded WebApplicationContext
2025-08-15T11:06:27.764-05:00  INFO 3520 --- [citas-api] [           main] w.s.c.ServletWebServerApplicationContext : Root WebApplicationContext: initialization completed in 253 ms
2025-08-15T11:06:27.791-05:00  INFO 3520 --- [citas-api] [           main] o.hibernate.jpa.internal.util.LogHelper  : HHH000204: Processing PersistenceUnitInfo [name: default]
2025-08-15T11:06:27.793-05:00  INFO 3520 --- [citas-api] [           main] o.h.c.internal.RegionFactoryInitiator    : HHH000026: Second-level cache disabled
2025-08-15T11:06:27.799-05:00  INFO 3520 --- [citas-api] [           main] o.s.o.j.p.SpringPersistenceUnitInfo      : No LoadTimeWeaver setup: ignoring JPA class transformer
2025-08-15T11:06:27.800-05:00  INFO 3520 --- [citas-api] [           main] com.zaxxer.hikari.HikariDataSource       : HikariPool-2 - Starting...
2025-08-15T11:06:27.802-05:00  INFO 3520 --- [citas-api] [           main] com.zaxxer.hikari.pool.HikariPool        : HikariPool-2 - Added connection conn10: url=jdbc:h2:mem:testdb user=SA
2025-08-15T11:06:27.802-05:00  INFO 3520 --- [citas-api] [           main] com.zaxxer.hikari.HikariDataSource       : HikariPool-2 - Start completed.
2025-08-15T11:06:27.803-05:00  WARN 3520 --- [citas-api] [           main] org.hibernate.orm.deprecation            : HHH90000025: H2Dialect does not need to be specified explicitly using 'hibernate.dialect' (remove the property setting and it will be selected by default)
2025-08-15T11:06:27.804-05:00  INFO 3520 --- [citas-api] [           main] org.hibernate.orm.connections.pooling    : HHH10001005: Database info:
	Database JDBC URL [Connecting through datasource 'HikariDataSource (HikariPool-2)']
	Database driver: undefined/unknown
	Database version: 2.3.232
	Autocommit mode: undefined/unknown
	Isolation level: undefined/unknown
	Minimum pool size: undefined/unknown
	Maximum pool size: undefined/unknown
2025-08-15T11:06:27.837-05:00  INFO 3520 --- [citas-api] [           main] o.h.e.t.j.p.i.JtaPlatformInitiator       : HHH000489: No JTA platform available (set 'hibernate.transaction.jta.platform' to enable JTA platform integration)
Hibernate: 
    drop table if exists cita cascade 
Hibernate: 
    drop table if exists consultorio cascade 
Hibernate: 
    drop table if exists medico cascade 
Hibernate: 
    drop table if exists paciente cascade 
Hibernate: 
    create table cita (
        fecha date,
        hora time(6),
        consultorio_id bigint not null,
        id bigint generated by default as identity,
        medico_id bigint not null,
        paciente_id bigint not null,
        primary key (id),
        constraint uk_medico_fecha_hora unique (medico_id, fecha, hora)
    )
Hibernate: 
    create table consultorio (
        piso integer,
        id bigint generated by default as identity,
        numero varchar(255) unique,
        primary key (id)
    )
Hibernate: 
    create table medico (
        id bigint generated by default as identity,
        apellido varchar(255),
        especialidad varchar(255),
        nombre varchar(255),
        primary key (id)
    )
Hibernate: 
    create table paciente (
        fecha_nacimiento date,
        id bigint generated by default as identity,
        apellido varchar(255),
        email varchar(255) unique,
        nombre varchar(255),
        primary key (id)
    )
Hibernate: 
    alter table if exists cita 
       add constraint FKdf90y1t11oyx02gw08l69ucxm 
       foreign key (consultorio_id) 
       references consultorio
Hibernate: 
    alter table if exists cita 
       add constraint FKdfrd023l6bdxh9tb21isevvth 
       foreign key (medico_id) 
       references medico
Hibernate: 
    alter table if exists cita 
       add constraint FKdbtp2mwrvqktqu8954d3xaddv 
       foreign key (paciente_id) 
       references paciente
2025-08-15T11:06:27.845-05:00  INFO 3520 --- [citas-api] [           main] j.LocalContainerEntityManagerFactoryBean : Initialized JPA EntityManagerFactory for persistence unit 'default'
2025-08-15T11:06:27.935-05:00  WARN 3520 --- [citas-api] [           main] JpaBaseConfiguration$JpaWebConfiguration : spring.jpa.open-in-view is enabled by default. Therefore, database queries may be performed during view rendering. Explicitly configure spring.jpa.open-in-view to disable this warning
2025-08-15T11:06:28.023-05:00  INFO 3520 --- [citas-api] [           main] o.s.b.w.embedded.tomcat.TomcatWebServer  : Tomcat started on port 59523 (http) with context path '/'
2025-08-15T11:06:28.025-05:00  INFO 3520 --- [citas-api] [           main] .e.c.ApiValidationAndCitaIntegrationTest : Started ApiValidationAndCitaIntegrationTest in 0.555 seconds (process running for 8.319)
2025-08-15T11:06:28.044-05:00  INFO 3520 --- [citas-api] [o-auto-2-exec-1] o.a.c.c.C.[Tomcat].[localhost].[/]       : Initializing Spring DispatcherServlet 'dispatcherServlet'
2025-08-15T11:06:28.044-05:00  INFO 3520 --- [citas-api] [o-auto-2-exec-1] o.s.web.servlet.DispatcherServlet        : Initializing Servlet 'dispatcherServlet'
2025-08-15T11:06:28.044-05:00  INFO 3520 --- [citas-api] [o-auto-2-exec-1] o.s.web.servlet.DispatcherServlet        : Completed initialization in 0 ms
Hibernate: 
    insert 
    into
        paciente
        (apellido, email, fecha_nacimiento, nombre, id) 
    values
        (?, ?, ?, ?, default)
Hibernate: 
    insert 
    into
        medico
        (apellido, especialidad, nombre, id) 
    values
        (?, ?, ?, default)
Hibernate: 
    insert 
    into
        consultorio
        (numero, piso, id) 
    values
        (?, ?, default)
2025-08-15T11:06:28.292-05:00  INFO 3520 --- [citas-api] [           main] o.s.b.w.e.tomcat.GracefulShutdown        : Commencing graceful shutdown. Waiting for active requests to complete
2025-08-15T11:06:28.299-05:00  INFO 3520 --- [citas-api] [tomcat-shutdown] o.s.b.w.e.tomcat.GracefulShutdown        : Graceful shutdown complete
2025-08-15T11:06:28.301-05:00  INFO 3520 --- [citas-api] [           main] j.LocalContainerEntityManagerFactoryBean : Closing JPA EntityManagerFactory for persistence unit 'default'
Hibernate: 
    drop table if exists cita cascade 
Hibernate: 
    drop table if exists consultorio cascade 
Hibernate: 
    drop table if exists medico cascade 
Hibernate: 
    drop table if exists paciente cascade 
2025-08-15T11:06:28.305-05:00  INFO 3520 --- [citas-api] [           main] com.zaxxer.hikari.HikariDataSource       : HikariPool-2 - Shutdown initiated...
2025-08-15T11:06:28.306-05:00  INFO 3520 --- [citas-api] [           main] com.zaxxer.hikari.HikariDataSource       : HikariPool-2 - Shutdown completed.
]]></system-out>
  </testcase>
  <testcase name="modificarCitaConflicto" classname="com.example.citas.ApiValidationAndCitaIntegrationTest" time="0.207">
    <system-out><![CDATA[
  .   ____          _            __ _ _
 /\\ / ___'_ __ _ _(_)_ __  __ _ \ \ \ \
( ( )\___ | '_ | '_| | '_ \/ _` | \ \ \ \
 \\/  ___)| |_)| | | | | || (_| |  ) ) ) )
  '  |____| .__|_| |_|_| |_\__, | / / / /
 =========|_|==============|___/=/_/_/_/

 :: Spring Boot ::                (v3.5.4)

2025-08-15T11:06:28.335-05:00  INFO 3520 --- [citas-api] [           main] .e.c.ApiValidationAndCitaIntegrationTest : Starting ApiValidationAndCitaIntegrationTest using Java 24.0.1 with PID 3520 (started by santi in C:\Users\santi\Downloads\Clinica\citas_api)
2025-08-15T11:06:28.336-05:00  INFO 3520 --- [citas-api] [           main] .e.c.ApiValidationAndCitaIntegrationTest : No active profile set, falling back to 1 default profile: "default"
2025-08-15T11:06:28.467-05:00  INFO 3520 --- [citas-api] [           main] .s.d.r.c.RepositoryConfigurationDelegate : Bootstrapping Spring Data JPA repositories in DEFAULT mode.
2025-08-15T11:06:28.480-05:00  INFO 3520 --- [citas-api] [           main] .s.d.r.c.RepositoryConfigurationDelegate : Finished Spring Data repository scanning in 12 ms. Found 4 JPA repository interfaces.
2025-08-15T11:06:28.525-05:00  INFO 3520 --- [citas-api] [           main] o.s.b.w.embedded.tomcat.TomcatWebServer  : Tomcat initialized with port 0 (http)
2025-08-15T11:06:28.526-05:00  INFO 3520 --- [citas-api] [           main] o.apache.catalina.core.StandardService   : Starting service [Tomcat]
2025-08-15T11:06:28.526-05:00  INFO 3520 --- [citas-api] [           main] o.apache.catalina.core.StandardEngine    : Starting Servlet engine: [Apache Tomcat/10.1.43]
2025-08-15T11:06:28.543-05:00  INFO 3520 --- [citas-api] [           main] o.a.c.c.C.[Tomcat].[localhost].[/]       : Initializing Spring embedded WebApplicationContext
2025-08-15T11:06:28.543-05:00  INFO 3520 --- [citas-api] [           main] w.s.c.ServletWebServerApplicationContext : Root WebApplicationContext: initialization completed in 204 ms
2025-08-15T11:06:28.565-05:00  INFO 3520 --- [citas-api] [           main] o.hibernate.jpa.internal.util.LogHelper  : HHH000204: Processing PersistenceUnitInfo [name: default]
2025-08-15T11:06:28.566-05:00  INFO 3520 --- [citas-api] [           main] o.h.c.internal.RegionFactoryInitiator    : HHH000026: Second-level cache disabled
2025-08-15T11:06:28.573-05:00  INFO 3520 --- [citas-api] [           main] o.s.o.j.p.SpringPersistenceUnitInfo      : No LoadTimeWeaver setup: ignoring JPA class transformer
2025-08-15T11:06:28.574-05:00  INFO 3520 --- [citas-api] [           main] com.zaxxer.hikari.HikariDataSource       : HikariPool-3 - Starting...
2025-08-15T11:06:28.576-05:00  INFO 3520 --- [citas-api] [           main] com.zaxxer.hikari.pool.HikariPool        : HikariPool-3 - Added connection conn20: url=jdbc:h2:mem:testdb user=SA
2025-08-15T11:06:28.576-05:00  INFO 3520 --- [citas-api] [           main] com.zaxxer.hikari.HikariDataSource       : HikariPool-3 - Start completed.
2025-08-15T11:06:28.577-05:00  WARN 3520 --- [citas-api] [           main] org.hibernate.orm.deprecation            : HHH90000025: H2Dialect does not need to be specified explicitly using 'hibernate.dialect' (remove the property setting and it will be selected by default)
2025-08-15T11:06:28.577-05:00  INFO 3520 --- [citas-api] [           main] org.hibernate.orm.connections.pooling    : HHH10001005: Database info:
	Database JDBC URL [Connecting through datasource 'HikariDataSource (HikariPool-3)']
	Database driver: undefined/unknown
	Database version: 2.3.232
	Autocommit mode: undefined/unknown
	Isolation level: undefined/unknown
	Minimum pool size: undefined/unknown
	Maximum pool size: undefined/unknown
2025-08-15T11:06:28.616-05:00  INFO 3520 --- [citas-api] [           main] o.h.e.t.j.p.i.JtaPlatformInitiator       : HHH000489: No JTA platform available (set 'hibernate.transaction.jta.platform' to enable JTA platform integration)
Hibernate: 
    drop table if exists cita cascade 
Hibernate: 
    drop table if exists consultorio cascade 
Hibernate: 
    drop table if exists medico cascade 
Hibernate: 
    drop table if exists paciente cascade 
Hibernate: 
    create table cita (
        fecha date,
        hora time(6),
        consultorio_id bigint not null,
        id bigint generated by default as identity,
        medico_id bigint not null,
        paciente_id bigint not null,
        primary key (id),
        constraint uk_medico_fecha_hora unique (medico_id, fecha, hora)
    )
Hibernate: 
    create table consultorio (
        piso integer,
        id bigint generated by default as identity,
        numero varchar(255) unique,
        primary key (id)
    )
Hibernate: 
    create table medico (
        id bigint generated by default as identity,
        apellido varchar(255),
        especialidad varchar(255),
        nombre varchar(255),
        primary key (id)
    )
Hibernate: 
    create table paciente (
        fecha_nacimiento date,
        id bigint generated by default as identity,
        apellido varchar(255),
        email varchar(255) unique,
        nombre varchar(255),
        primary key (id)
    )
Hibernate: 
    alter table if exists cita 
       add constraint FKdf90y1t11oyx02gw08l69ucxm 
       foreign key (consultorio_id) 
       references consultorio
Hibernate: 
    alter table if exists cita 
       add constraint FKdfrd023l6bdxh9tb21isevvth 
       foreign key (medico_id) 
       references medico
Hibernate: 
    alter table if exists cita 
       add constraint FKdbtp2mwrvqktqu8954d3xaddv 
       foreign key (paciente_id) 
       references paciente
2025-08-15T11:06:28.626-05:00  INFO 3520 --- [citas-api] [           main] j.LocalContainerEntityManagerFactoryBean : Initialized JPA EntityManagerFactory for persistence unit 'default'
2025-08-15T11:06:28.693-05:00  WARN 3520 --- [citas-api] [           main] JpaBaseConfiguration$JpaWebConfiguration : spring.jpa.open-in-view is enabled by default. Therefore, database queries may be performed during view rendering. Explicitly configure spring.jpa.open-in-view to disable this warning
2025-08-15T11:06:28.757-05:00  INFO 3520 --- [citas-api] [           main] o.s.b.w.embedded.tomcat.TomcatWebServer  : Tomcat started on port 59526 (http) with context path '/'
2025-08-15T11:06:28.759-05:00  INFO 3520 --- [citas-api] [           main] .e.c.ApiValidationAndCitaIntegrationTest : Started ApiValidationAndCitaIntegrationTest in 0.447 seconds (process running for 9.052)
2025-08-15T11:06:28.767-05:00  INFO 3520 --- [citas-api] [o-auto-3-exec-1] o.a.c.c.C.[Tomcat].[localhost].[/]       : Initializing Spring DispatcherServlet 'dispatcherServlet'
2025-08-15T11:06:28.767-05:00  INFO 3520 --- [citas-api] [o-auto-3-exec-1] o.s.web.servlet.DispatcherServlet        : Initializing Servlet 'dispatcherServlet'
2025-08-15T11:06:28.767-05:00  INFO 3520 --- [citas-api] [o-auto-3-exec-1] o.s.web.servlet.DispatcherServlet        : Completed initialization in 0 ms
Hibernate: 
    insert 
    into
        paciente
        (apellido, email, fecha_nacimiento, nombre, id) 
    values
        (?, ?, ?, ?, default)
Hibernate: 
    insert 
    into
        medico
        (apellido, especialidad, nombre, id) 
    values
        (?, ?, ?, default)
Hibernate: 
    insert 
    into
        consultorio
        (numero, piso, id) 
    values
        (?, ?, default)
Hibernate: 
    select
        p1_0.id,
        p1_0.apellido,
        p1_0.email,
        p1_0.fecha_nacimiento,
        p1_0.nombre 
    from
        paciente p1_0 
    where
        p1_0.id=?
Hibernate: 
    select
        m1_0.id,
        m1_0.apellido,
        m1_0.especialidad,
        m1_0.nombre 
    from
        medico m1_0 
    where
        m1_0.id=?
Hibernate: 
    select
        c1_0.id,
        c1_0.numero,
        c1_0.piso 
    from
        consultorio c1_0 
    where
        c1_0.id=?
Hibernate: 
    select
        c1_0.id,
        c1_0.consultorio_id,
        c1_0.fecha,
        c1_0.hora,
        c1_0.medico_id,
        c1_0.paciente_id 
    from
        cita c1_0 
    join
        medico m1_0 
            on m1_0.id=c1_0.medico_id 
    where
        m1_0.id=? 
        and c1_0.fecha=? 
        and c1_0.hora=?
Hibernate: 
    insert 
    into
        cita
        (consultorio_id, fecha, hora, medico_id, paciente_id, id) 
    values
        (?, ?, ?, ?, ?, default)
Hibernate: 
    select
        p1_0.id,
        p1_0.apellido,
        p1_0.email,
        p1_0.fecha_nacimiento,
        p1_0.nombre 
    from
        paciente p1_0 
    where
        p1_0.id=?
Hibernate: 
    select
        m1_0.id,
        m1_0.apellido,
        m1_0.especialidad,
        m1_0.nombre 
    from
        medico m1_0 
    where
        m1_0.id=?
Hibernate: 
    select
        c1_0.id,
        c1_0.numero,
        c1_0.piso 
    from
        consultorio c1_0 
    where
        c1_0.id=?
Hibernate: 
    select
        c1_0.id,
        c1_0.consultorio_id,
        c1_0.fecha,
        c1_0.hora,
        c1_0.medico_id,
        c1_0.paciente_id 
    from
        cita c1_0 
    join
        medico m1_0 
            on m1_0.id=c1_0.medico_id 
    where
        m1_0.id=? 
        and c1_0.fecha=? 
        and c1_0.hora=?
Hibernate: 
    insert 
    into
        cita
        (consultorio_id, fecha, hora, medico_id, paciente_id, id) 
    values
        (?, ?, ?, ?, ?, default)
Hibernate: 
    select
        c1_0.id,
        c1_0.consultorio_id,
        c2_0.id,
        c2_0.numero,
        c2_0.piso,
        c1_0.fecha,
        c1_0.hora,
        c1_0.medico_id,
        m1_0.id,
        m1_0.apellido,
        m1_0.especialidad,
        m1_0.nombre,
        c1_0.paciente_id,
        p1_0.id,
        p1_0.apellido,
        p1_0.email,
        p1_0.fecha_nacimiento,
        p1_0.nombre 
    from
        cita c1_0 
    join
        consultorio c2_0 
            on c2_0.id=c1_0.consultorio_id 
    join
        medico m1_0 
            on m1_0.id=c1_0.medico_id 
    join
        paciente p1_0 
            on p1_0.id=c1_0.paciente_id 
    where
        c1_0.id=?
Hibernate: 
    select
        c1_0.id,
        c1_0.consultorio_id,
        c1_0.fecha,
        c1_0.hora,
        c1_0.medico_id,
        c1_0.paciente_id 
    from
        cita c1_0 
    join
        medico m1_0 
            on m1_0.id=c1_0.medico_id 
    where
        m1_0.id=? 
        and c1_0.fecha=? 
        and c1_0.hora=?
2025-08-15T11:06:28.945-05:00 DEBUG 3520 --- [citas-api] [o-auto-3-exec-6] com.example.citas.service.CitaServicio   : Conflicto detectado antes de actualizar: citaActual=2, citaExistente=1 medicoId=1 fecha=2025-08-18 hora=08:00
2025-08-15T11:06:28.952-05:00  INFO 3520 --- [citas-api] [           main] o.s.b.w.e.tomcat.GracefulShutdown        : Commencing graceful shutdown. Waiting for active requests to complete
2025-08-15T11:06:28.959-05:00  INFO 3520 --- [citas-api] [tomcat-shutdown] o.s.b.w.e.tomcat.GracefulShutdown        : Graceful shutdown complete
2025-08-15T11:06:28.960-05:00  INFO 3520 --- [citas-api] [           main] j.LocalContainerEntityManagerFactoryBean : Closing JPA EntityManagerFactory for persistence unit 'default'
Hibernate: 
    drop table if exists cita cascade 
Hibernate: 
    drop table if exists consultorio cascade 
Hibernate: 
    drop table if exists medico cascade 
Hibernate: 
    drop table if exists paciente cascade 
2025-08-15T11:06:28.963-05:00  INFO 3520 --- [citas-api] [           main] com.zaxxer.hikari.HikariDataSource       : HikariPool-3 - Shutdown initiated...
2025-08-15T11:06:28.963-05:00  INFO 3520 --- [citas-api] [           main] com.zaxxer.hikari.HikariDataSource       : HikariPool-3 - Shutdown completed.
]]></system-out>
  </testcase>
  <testcase name="citaHorasLimite" classname="com.example.citas.ApiValidationAndCitaIntegrationTest" time="0.099">
    <system-out><![CDATA[
  .   ____          _            __ _ _
 /\\ / ___'_ __ _ _(_)_ __  __ _ \ \ \ \
( ( )\___ | '_ | '_| | '_ \/ _` | \ \ \ \
 \\/  ___)| |_)| | | | | || (_| |  ) ) ) )
  '  |____| .__|_| |_|_| |_\__, | / / / /
 =========|_|==============|___/=/_/_/_/

 :: Spring Boot ::                (v3.5.4)

2025-08-15T11:06:28.985-05:00  INFO 3520 --- [citas-api] [           main] .e.c.ApiValidationAndCitaIntegrationTest : Starting ApiValidationAndCitaIntegrationTest using Java 24.0.1 with PID 3520 (started by santi in C:\Users\santi\Downloads\Clinica\citas_api)
2025-08-15T11:06:28.986-05:00  INFO 3520 --- [citas-api] [           main] .e.c.ApiValidationAndCitaIntegrationTest : No active profile set, falling back to 1 default profile: "default"
2025-08-15T11:06:29.095-05:00  INFO 3520 --- [citas-api] [           main] .s.d.r.c.RepositoryConfigurationDelegate : Bootstrapping Spring Data JPA repositories in DEFAULT mode.
2025-08-15T11:06:29.107-05:00  INFO 3520 --- [citas-api] [           main] .s.d.r.c.RepositoryConfigurationDelegate : Finished Spring Data repository scanning in 10 ms. Found 4 JPA repository interfaces.
2025-08-15T11:06:29.154-05:00  INFO 3520 --- [citas-api] [           main] o.s.b.w.embedded.tomcat.TomcatWebServer  : Tomcat initialized with port 0 (http)
2025-08-15T11:06:29.155-05:00  INFO 3520 --- [citas-api] [           main] o.apache.catalina.core.StandardService   : Starting service [Tomcat]
2025-08-15T11:06:29.155-05:00  INFO 3520 --- [citas-api] [           main] o.apache.catalina.core.StandardEngine    : Starting Servlet engine: [Apache Tomcat/10.1.43]
2025-08-15T11:06:29.173-05:00  INFO 3520 --- [citas-api] [           main] o.a.c.c.C.[Tomcat].[localhost].[/]       : Initializing Spring embedded WebApplicationContext
2025-08-15T11:06:29.173-05:00  INFO 3520 --- [citas-api] [           main] w.s.c.ServletWebServerApplicationContext : Root WebApplicationContext: initialization completed in 185 ms
2025-08-15T11:06:29.196-05:00  INFO 3520 --- [citas-api] [           main] o.hibernate.jpa.internal.util.LogHelper  : HHH000204: Processing PersistenceUnitInfo [name: default]
2025-08-15T11:06:29.198-05:00  INFO 3520 --- [citas-api] [           main] o.h.c.internal.RegionFactoryInitiator    : HHH000026: Second-level cache disabled
2025-08-15T11:06:29.203-05:00  INFO 3520 --- [citas-api] [           main] o.s.o.j.p.SpringPersistenceUnitInfo      : No LoadTimeWeaver setup: ignoring JPA class transformer
2025-08-15T11:06:29.204-05:00  INFO 3520 --- [citas-api] [           main] com.zaxxer.hikari.HikariDataSource       : HikariPool-4 - Starting...
2025-08-15T11:06:29.205-05:00  INFO 3520 --- [citas-api] [           main] com.zaxxer.hikari.pool.HikariPool        : HikariPool-4 - Added connection conn30: url=jdbc:h2:mem:testdb user=SA
2025-08-15T11:06:29.205-05:00  INFO 3520 --- [citas-api] [           main] com.zaxxer.hikari.HikariDataSource       : HikariPool-4 - Start completed.
2025-08-15T11:06:29.206-05:00  WARN 3520 --- [citas-api] [           main] org.hibernate.orm.deprecation            : HHH90000025: H2Dialect does not need to be specified explicitly using 'hibernate.dialect' (remove the property setting and it will be selected by default)
2025-08-15T11:06:29.207-05:00  INFO 3520 --- [citas-api] [           main] org.hibernate.orm.connections.pooling    : HHH10001005: Database info:
	Database JDBC URL [Connecting through datasource 'HikariDataSource (HikariPool-4)']
	Database driver: undefined/unknown
	Database version: 2.3.232
	Autocommit mode: undefined/unknown
	Isolation level: undefined/unknown
	Minimum pool size: undefined/unknown
	Maximum pool size: undefined/unknown
2025-08-15T11:06:29.239-05:00  INFO 3520 --- [citas-api] [           main] o.h.e.t.j.p.i.JtaPlatformInitiator       : HHH000489: No JTA platform available (set 'hibernate.transaction.jta.platform' to enable JTA platform integration)
Hibernate: 
    drop table if exists cita cascade 
Hibernate: 
    drop table if exists consultorio cascade 
Hibernate: 
    drop table if exists medico cascade 
Hibernate: 
    drop table if exists paciente cascade 
Hibernate: 
    create table cita (
        fecha date,
        hora time(6),
        consultorio_id bigint not null,
        id bigint generated by default as identity,
        medico_id bigint not null,
        paciente_id bigint not null,
        primary key (id),
        constraint uk_medico_fecha_hora unique (medico_id, fecha, hora)
    )
Hibernate: 
    create table consultorio (
        piso integer,
        id bigint generated by default as identity,
        numero varchar(255) unique,
        primary key (id)
    )
Hibernate: 
    create table medico (
        id bigint generated by default as identity,
        apellido varchar(255),
        especialidad varchar(255),
        nombre varchar(255),
        primary key (id)
    )
Hibernate: 
    create table paciente (
        fecha_nacimiento date,
        id bigint generated by default as identity,
        apellido varchar(255),
        email varchar(255) unique,
        nombre varchar(255),
        primary key (id)
    )
Hibernate: 
    alter table if exists cita 
       add constraint FKdf90y1t11oyx02gw08l69ucxm 
       foreign key (consultorio_id) 
       references consultorio
Hibernate: 
    alter table if exists cita 
       add constraint FKdfrd023l6bdxh9tb21isevvth 
       foreign key (medico_id) 
       references medico
Hibernate: 
    alter table if exists cita 
       add constraint FKdbtp2mwrvqktqu8954d3xaddv 
       foreign key (paciente_id) 
       references paciente
2025-08-15T11:06:29.246-05:00  INFO 3520 --- [citas-api] [           main] j.LocalContainerEntityManagerFactoryBean : Initialized JPA EntityManagerFactory for persistence unit 'default'
2025-08-15T11:06:29.299-05:00  WARN 3520 --- [citas-api] [           main] JpaBaseConfiguration$JpaWebConfiguration : spring.jpa.open-in-view is enabled by default. Therefore, database queries may be performed during view rendering. Explicitly configure spring.jpa.open-in-view to disable this warning
2025-08-15T11:06:29.364-05:00  INFO 3520 --- [citas-api] [           main] o.s.b.w.embedded.tomcat.TomcatWebServer  : Tomcat started on port 59529 (http) with context path '/'
2025-08-15T11:06:29.366-05:00  INFO 3520 --- [citas-api] [           main] .e.c.ApiValidationAndCitaIntegrationTest : Started ApiValidationAndCitaIntegrationTest in 0.397 seconds (process running for 9.66)
2025-08-15T11:06:29.373-05:00  INFO 3520 --- [citas-api] [o-auto-4-exec-1] o.a.c.c.C.[Tomcat].[localhost].[/]       : Initializing Spring DispatcherServlet 'dispatcherServlet'
2025-08-15T11:06:29.373-05:00  INFO 3520 --- [citas-api] [o-auto-4-exec-1] o.s.web.servlet.DispatcherServlet        : Initializing Servlet 'dispatcherServlet'
2025-08-15T11:06:29.374-05:00  INFO 3520 --- [citas-api] [o-auto-4-exec-1] o.s.web.servlet.DispatcherServlet        : Completed initialization in 1 ms
Hibernate: 
    insert 
    into
        paciente
        (apellido, email, fecha_nacimiento, nombre, id) 
    values
        (?, ?, ?, ?, default)
Hibernate: 
    insert 
    into
        medico
        (apellido, especialidad, nombre, id) 
    values
        (?, ?, ?, default)
Hibernate: 
    insert 
    into
        consultorio
        (numero, piso, id) 
    values
        (?, ?, default)
Hibernate: 
    select
        p1_0.id,
        p1_0.apellido,
        p1_0.email,
        p1_0.fecha_nacimiento,
        p1_0.nombre 
    from
        paciente p1_0 
    where
        p1_0.id=?
Hibernate: 
    select
        m1_0.id,
        m1_0.apellido,
        m1_0.especialidad,
        m1_0.nombre 
    from
        medico m1_0 
    where
        m1_0.id=?
Hibernate: 
    select
        c1_0.id,
        c1_0.numero,
        c1_0.piso 
    from
        consultorio c1_0 
    where
        c1_0.id=?
Hibernate: 
    select
        c1_0.id,
        c1_0.consultorio_id,
        c1_0.fecha,
        c1_0.hora,
        c1_0.medico_id,
        c1_0.paciente_id 
    from
        cita c1_0 
    join
        medico m1_0 
            on m1_0.id=c1_0.medico_id 
    where
        m1_0.id=? 
        and c1_0.fecha=? 
        and c1_0.hora=?
Hibernate: 
    insert 
    into
        cita
        (consultorio_id, fecha, hora, medico_id, paciente_id, id) 
    values
        (?, ?, ?, ?, ?, default)
Hibernate: 
    select
        p1_0.id,
        p1_0.apellido,
        p1_0.email,
        p1_0.fecha_nacimiento,
        p1_0.nombre 
    from
        paciente p1_0 
    where
        p1_0.id=?
Hibernate: 
    select
        m1_0.id,
        m1_0.apellido,
        m1_0.especialidad,
        m1_0.nombre 
    from
        medico m1_0 
    where
        m1_0.id=?
Hibernate: 
    select
        c1_0.id,
        c1_0.numero,
        c1_0.piso 
    from
        consultorio c1_0 
    where
        c1_0.id=?
Hibernate: 
    select
        c1_0.id,
        c1_0.consultorio_id,
        c1_0.fecha,
        c1_0.hora,
        c1_0.medico_id,
        c1_0.paciente_id 
    from
        cita c1_0 
    join
        medico m1_0 
            on m1_0.id=c1_0.medico_id 
    where
        m1_0.id=? 
        and c1_0.fecha=? 
        and c1_0.hora=?
Hibernate: 
    insert 
    into
        cita
        (consultorio_id, fecha, hora, medico_id, paciente_id, id) 
    values
        (?, ?, ?, ?, ?, default)
2025-08-15T11:06:29.444-05:00  INFO 3520 --- [citas-api] [           main] o.s.b.w.e.tomcat.GracefulShutdown        : Commencing graceful shutdown. Waiting for active requests to complete
2025-08-15T11:06:29.452-05:00  INFO 3520 --- [citas-api] [tomcat-shutdown] o.s.b.w.e.tomcat.GracefulShutdown        : Graceful shutdown complete
2025-08-15T11:06:29.455-05:00  INFO 3520 --- [citas-api] [           main] j.LocalContainerEntityManagerFactoryBean : Closing JPA EntityManagerFactory for persistence unit 'default'
Hibernate: 
    drop table if exists cita cascade 
Hibernate: 
    drop table if exists consultorio cascade 
Hibernate: 
    drop table if exists medico cascade 
Hibernate: 
    drop table if exists paciente cascade 
2025-08-15T11:06:29.458-05:00  INFO 3520 --- [citas-api] [           main] com.zaxxer.hikari.HikariDataSource       : HikariPool-4 - Shutdown initiated...
2025-08-15T11:06:29.464-05:00  INFO 3520 --- [citas-api] [           main] com.zaxxer.hikari.HikariDataSource       : HikariPool-4 - Shutdown completed.
]]></system-out>
  </testcase>
  <testcase name="citaConflictoMismoMedico" classname="com.example.citas.ApiValidationAndCitaIntegrationTest" time="0.098">
    <system-out><![CDATA[
  .   ____          _            __ _ _
 /\\ / ___'_ __ _ _(_)_ __  __ _ \ \ \ \
( ( )\___ | '_ | '_| | '_ \/ _` | \ \ \ \
 \\/  ___)| |_)| | | | | || (_| |  ) ) ) )
  '  |____| .__|_| |_|_| |_\__, | / / / /
 =========|_|==============|___/=/_/_/_/

 :: Spring Boot ::                (v3.5.4)

2025-08-15T11:06:29.483-05:00  INFO 3520 --- [citas-api] [           main] .e.c.ApiValidationAndCitaIntegrationTest : Starting ApiValidationAndCitaIntegrationTest using Java 24.0.1 with PID 3520 (started by santi in C:\Users\santi\Downloads\Clinica\citas_api)
2025-08-15T11:06:29.483-05:00  INFO 3520 --- [citas-api] [           main] .e.c.ApiValidationAndCitaIntegrationTest : No active profile set, falling back to 1 default profile: "default"
2025-08-15T11:06:29.571-05:00  INFO 3520 --- [citas-api] [           main] .s.d.r.c.RepositoryConfigurationDelegate : Bootstrapping Spring Data JPA repositories in DEFAULT mode.
2025-08-15T11:06:29.580-05:00  INFO 3520 --- [citas-api] [           main] .s.d.r.c.RepositoryConfigurationDelegate : Finished Spring Data repository scanning in 8 ms. Found 4 JPA repository interfaces.
2025-08-15T11:06:29.622-05:00  INFO 3520 --- [citas-api] [           main] o.s.b.w.embedded.tomcat.TomcatWebServer  : Tomcat initialized with port 0 (http)
2025-08-15T11:06:29.623-05:00  INFO 3520 --- [citas-api] [           main] o.apache.catalina.core.StandardService   : Starting service [Tomcat]
2025-08-15T11:06:29.623-05:00  INFO 3520 --- [citas-api] [           main] o.apache.catalina.core.StandardEngine    : Starting Servlet engine: [Apache Tomcat/10.1.43]
2025-08-15T11:06:29.639-05:00  INFO 3520 --- [citas-api] [           main] o.a.c.c.C.[Tomcat].[localhost].[/]       : Initializing Spring embedded WebApplicationContext
2025-08-15T11:06:29.640-05:00  INFO 3520 --- [citas-api] [           main] w.s.c.ServletWebServerApplicationContext : Root WebApplicationContext: initialization completed in 156 ms
2025-08-15T11:06:29.659-05:00  INFO 3520 --- [citas-api] [           main] o.hibernate.jpa.internal.util.LogHelper  : HHH000204: Processing PersistenceUnitInfo [name: default]
2025-08-15T11:06:29.661-05:00  INFO 3520 --- [citas-api] [           main] o.h.c.internal.RegionFactoryInitiator    : HHH000026: Second-level cache disabled
2025-08-15T11:06:29.666-05:00  INFO 3520 --- [citas-api] [           main] o.s.o.j.p.SpringPersistenceUnitInfo      : No LoadTimeWeaver setup: ignoring JPA class transformer
2025-08-15T11:06:29.666-05:00  INFO 3520 --- [citas-api] [           main] com.zaxxer.hikari.HikariDataSource       : HikariPool-5 - Starting...
2025-08-15T11:06:29.668-05:00  INFO 3520 --- [citas-api] [           main] com.zaxxer.hikari.pool.HikariPool        : HikariPool-5 - Added connection conn36: url=jdbc:h2:mem:testdb user=SA
2025-08-15T11:06:29.668-05:00  INFO 3520 --- [citas-api] [           main] com.zaxxer.hikari.HikariDataSource       : HikariPool-5 - Start completed.
2025-08-15T11:06:29.669-05:00  WARN 3520 --- [citas-api] [           main] org.hibernate.orm.deprecation            : HHH90000025: H2Dialect does not need to be specified explicitly using 'hibernate.dialect' (remove the property setting and it will be selected by default)
2025-08-15T11:06:29.669-05:00  INFO 3520 --- [citas-api] [           main] org.hibernate.orm.connections.pooling    : HHH10001005: Database info:
	Database JDBC URL [Connecting through datasource 'HikariDataSource (HikariPool-5)']
	Database driver: undefined/unknown
	Database version: 2.3.232
	Autocommit mode: undefined/unknown
	Isolation level: undefined/unknown
	Minimum pool size: undefined/unknown
	Maximum pool size: undefined/unknown
2025-08-15T11:06:29.697-05:00  INFO 3520 --- [citas-api] [           main] o.h.e.t.j.p.i.JtaPlatformInitiator       : HHH000489: No JTA platform available (set 'hibernate.transaction.jta.platform' to enable JTA platform integration)
Hibernate: 
    drop table if exists cita cascade 
Hibernate: 
    drop table if exists consultorio cascade 
Hibernate: 
    drop table if exists medico cascade 
Hibernate: 
    drop table if exists paciente cascade 
Hibernate: 
    create table cita (
        fecha date,
        hora time(6),
        consultorio_id bigint not null,
        id bigint generated by default as identity,
        medico_id bigint not null,
        paciente_id bigint not null,
        primary key (id),
        constraint uk_medico_fecha_hora unique (medico_id, fecha, hora)
    )
Hibernate: 
    create table consultorio (
        piso integer,
        id bigint generated by default as identity,
        numero varchar(255) unique,
        primary key (id)
    )
Hibernate: 
    create table medico (
        id bigint generated by default as identity,
        apellido varchar(255),
        especialidad varchar(255),
        nombre varchar(255),
        primary key (id)
    )
Hibernate: 
    create table paciente (
        fecha_nacimiento date,
        id bigint generated by default as identity,
        apellido varchar(255),
        email varchar(255) unique,
        nombre varchar(255),
        primary key (id)
    )
Hibernate: 
    alter table if exists cita 
       add constraint FKdf90y1t11oyx02gw08l69ucxm 
       foreign key (consultorio_id) 
       references consultorio
Hibernate: 
    alter table if exists cita 
       add constraint FKdfrd023l6bdxh9tb21isevvth 
       foreign key (medico_id) 
       references medico
Hibernate: 
    alter table if exists cita 
       add constraint FKdbtp2mwrvqktqu8954d3xaddv 
       foreign key (paciente_id) 
       references paciente
2025-08-15T11:06:29.713-05:00  INFO 3520 --- [citas-api] [           main] j.LocalContainerEntityManagerFactoryBean : Initialized JPA EntityManagerFactory for persistence unit 'default'
2025-08-15T11:06:29.794-05:00  WARN 3520 --- [citas-api] [           main] JpaBaseConfiguration$JpaWebConfiguration : spring.jpa.open-in-view is enabled by default. Therefore, database queries may be performed during view rendering. Explicitly configure spring.jpa.open-in-view to disable this warning
2025-08-15T11:06:29.862-05:00  INFO 3520 --- [citas-api] [           main] o.s.b.w.embedded.tomcat.TomcatWebServer  : Tomcat started on port 59532 (http) with context path '/'
2025-08-15T11:06:29.863-05:00  INFO 3520 --- [citas-api] [           main] .e.c.ApiValidationAndCitaIntegrationTest : Started ApiValidationAndCitaIntegrationTest in 0.395 seconds (process running for 10.157)
2025-08-15T11:06:29.874-05:00  INFO 3520 --- [citas-api] [o-auto-5-exec-1] o.a.c.c.C.[Tomcat].[localhost].[/]       : Initializing Spring DispatcherServlet 'dispatcherServlet'
2025-08-15T11:06:29.874-05:00  INFO 3520 --- [citas-api] [o-auto-5-exec-1] o.s.web.servlet.DispatcherServlet        : Initializing Servlet 'dispatcherServlet'
2025-08-15T11:06:29.875-05:00  INFO 3520 --- [citas-api] [o-auto-5-exec-1] o.s.web.servlet.DispatcherServlet        : Completed initialization in 1 ms
Hibernate: 
    insert 
    into
        paciente
        (apellido, email, fecha_nacimiento, nombre, id) 
    values
        (?, ?, ?, ?, default)
Hibernate: 
    insert 
    into
        medico
        (apellido, especialidad, nombre, id) 
    values
        (?, ?, ?, default)
Hibernate: 
    insert 
    into
        consultorio
        (numero, piso, id) 
    values
        (?, ?, default)
Hibernate: 
    select
        p1_0.id,
        p1_0.apellido,
        p1_0.email,
        p1_0.fecha_nacimiento,
        p1_0.nombre 
    from
        paciente p1_0 
    where
        p1_0.id=?
Hibernate: 
    select
        m1_0.id,
        m1_0.apellido,
        m1_0.especialidad,
        m1_0.nombre 
    from
        medico m1_0 
    where
        m1_0.id=?
Hibernate: 
    select
        c1_0.id,
        c1_0.numero,
        c1_0.piso 
    from
        consultorio c1_0 
    where
        c1_0.id=?
Hibernate: 
    select
        c1_0.id,
        c1_0.consultorio_id,
        c1_0.fecha,
        c1_0.hora,
        c1_0.medico_id,
        c1_0.paciente_id 
    from
        cita c1_0 
    join
        medico m1_0 
            on m1_0.id=c1_0.medico_id 
    where
        m1_0.id=? 
        and c1_0.fecha=? 
        and c1_0.hora=?
Hibernate: 
    insert 
    into
        cita
        (consultorio_id, fecha, hora, medico_id, paciente_id, id) 
    values
        (?, ?, ?, ?, ?, default)
Hibernate: 
    select
        p1_0.id,
        p1_0.apellido,
        p1_0.email,
        p1_0.fecha_nacimiento,
        p1_0.nombre 
    from
        paciente p1_0 
    where
        p1_0.id=?
Hibernate: 
    select
        m1_0.id,
        m1_0.apellido,
        m1_0.especialidad,
        m1_0.nombre 
    from
        medico m1_0 
    where
        m1_0.id=?
Hibernate: 
    select
        c1_0.id,
        c1_0.numero,
        c1_0.piso 
    from
        consultorio c1_0 
    where
        c1_0.id=?
Hibernate: 
    select
        c1_0.id,
        c1_0.consultorio_id,
        c1_0.fecha,
        c1_0.hora,
        c1_0.medico_id,
        c1_0.paciente_id 
    from
        cita c1_0 
    join
        medico m1_0 
            on m1_0.id=c1_0.medico_id 
    where
        m1_0.id=? 
        and c1_0.fecha=? 
        and c1_0.hora=?
2025-08-15T11:06:29.936-05:00  INFO 3520 --- [citas-api] [           main] o.s.b.w.e.tomcat.GracefulShutdown        : Commencing graceful shutdown. Waiting for active requests to complete
2025-08-15T11:06:29.943-05:00  INFO 3520 --- [citas-api] [tomcat-shutdown] o.s.b.w.e.tomcat.GracefulShutdown        : Graceful shutdown complete
2025-08-15T11:06:29.945-05:00  INFO 3520 --- [citas-api] [           main] j.LocalContainerEntityManagerFactoryBean : Closing JPA EntityManagerFactory for persistence unit 'default'
Hibernate: 
    drop table if exists cita cascade 
Hibernate: 
    drop table if exists consultorio cascade 
Hibernate: 
    drop table if exists medico cascade 
Hibernate: 
    drop table if exists paciente cascade 
2025-08-15T11:06:29.947-05:00  INFO 3520 --- [citas-api] [           main] com.zaxxer.hikari.HikariDataSource       : HikariPool-5 - Shutdown initiated...
2025-08-15T11:06:29.960-05:00  INFO 3520 --- [citas-api] [           main] com.zaxxer.hikari.HikariDataSource       : HikariPool-5 - Shutdown completed.
]]></system-out>
  </testcase>
  <testcase name="pacienteNombreEnBlanco" classname="com.example.citas.ApiValidationAndCitaIntegrationTest" time="0.08">
    <system-out><![CDATA[
  .   ____          _            __ _ _
 /\\ / ___'_ __ _ _(_)_ __  __ _ \ \ \ \
( ( )\___ | '_ | '_| | '_ \/ _` | \ \ \ \
 \\/  ___)| |_)| | | | | || (_| |  ) ) ) )
  '  |____| .__|_| |_|_| |_\__, | / / / /
 =========|_|==============|___/=/_/_/_/

 :: Spring Boot ::                (v3.5.4)

2025-08-15T11:06:29.980-05:00  INFO 3520 --- [citas-api] [           main] .e.c.ApiValidationAndCitaIntegrationTest : Starting ApiValidationAndCitaIntegrationTest using Java 24.0.1 with PID 3520 (started by santi in C:\Users\santi\Downloads\Clinica\citas_api)
2025-08-15T11:06:29.980-05:00  INFO 3520 --- [citas-api] [           main] .e.c.ApiValidationAndCitaIntegrationTest : No active profile set, falling back to 1 default profile: "default"
2025-08-15T11:06:30.073-05:00  INFO 3520 --- [citas-api] [           main] .s.d.r.c.RepositoryConfigurationDelegate : Bootstrapping Spring Data JPA repositories in DEFAULT mode.
2025-08-15T11:06:30.083-05:00  INFO 3520 --- [citas-api] [           main] .s.d.r.c.RepositoryConfigurationDelegate : Finished Spring Data repository scanning in 9 ms. Found 4 JPA repository interfaces.
2025-08-15T11:06:30.117-05:00  INFO 3520 --- [citas-api] [           main] o.s.b.w.embedded.tomcat.TomcatWebServer  : Tomcat initialized with port 0 (http)
2025-08-15T11:06:30.119-05:00  INFO 3520 --- [citas-api] [           main] o.apache.catalina.core.StandardService   : Starting service [Tomcat]
2025-08-15T11:06:30.119-05:00  INFO 3520 --- [citas-api] [           main] o.apache.catalina.core.StandardEngine    : Starting Servlet engine: [Apache Tomcat/10.1.43]
2025-08-15T11:06:30.140-05:00  INFO 3520 --- [citas-api] [           main] o.a.c.c.C.[Tomcat].[localhost].[/]       : Initializing Spring embedded WebApplicationContext
2025-08-15T11:06:30.140-05:00  INFO 3520 --- [citas-api] [           main] w.s.c.ServletWebServerApplicationContext : Root WebApplicationContext: initialization completed in 158 ms
2025-08-15T11:06:30.160-05:00  INFO 3520 --- [citas-api] [           main] o.hibernate.jpa.internal.util.LogHelper  : HHH000204: Processing PersistenceUnitInfo [name: default]
2025-08-15T11:06:30.162-05:00  INFO 3520 --- [citas-api] [           main] o.h.c.internal.RegionFactoryInitiator    : HHH000026: Second-level cache disabled
2025-08-15T11:06:30.170-05:00  INFO 3520 --- [citas-api] [           main] o.s.o.j.p.SpringPersistenceUnitInfo      : No LoadTimeWeaver setup: ignoring JPA class transformer
2025-08-15T11:06:30.171-05:00  INFO 3520 --- [citas-api] [           main] com.zaxxer.hikari.HikariDataSource       : HikariPool-6 - Starting...
2025-08-15T11:06:30.173-05:00  INFO 3520 --- [citas-api] [           main] com.zaxxer.hikari.pool.HikariPool        : HikariPool-6 - Added connection conn43: url=jdbc:h2:mem:testdb user=SA
2025-08-15T11:06:30.174-05:00  INFO 3520 --- [citas-api] [           main] com.zaxxer.hikari.HikariDataSource       : HikariPool-6 - Start completed.
2025-08-15T11:06:30.174-05:00  WARN 3520 --- [citas-api] [           main] org.hibernate.orm.deprecation            : HHH90000025: H2Dialect does not need to be specified explicitly using 'hibernate.dialect' (remove the property setting and it will be selected by default)
2025-08-15T11:06:30.175-05:00  INFO 3520 --- [citas-api] [           main] org.hibernate.orm.connections.pooling    : HHH10001005: Database info:
	Database JDBC URL [Connecting through datasource 'HikariDataSource (HikariPool-6)']
	Database driver: undefined/unknown
	Database version: 2.3.232
	Autocommit mode: undefined/unknown
	Isolation level: undefined/unknown
	Minimum pool size: undefined/unknown
	Maximum pool size: undefined/unknown
2025-08-15T11:06:30.203-05:00  INFO 3520 --- [citas-api] [           main] o.h.e.t.j.p.i.JtaPlatformInitiator       : HHH000489: No JTA platform available (set 'hibernate.transaction.jta.platform' to enable JTA platform integration)
Hibernate: 
    drop table if exists cita cascade 
Hibernate: 
    drop table if exists consultorio cascade 
Hibernate: 
    drop table if exists medico cascade 
Hibernate: 
    drop table if exists paciente cascade 
Hibernate: 
    create table cita (
        fecha date,
        hora time(6),
        consultorio_id bigint not null,
        id bigint generated by default as identity,
        medico_id bigint not null,
        paciente_id bigint not null,
        primary key (id),
        constraint uk_medico_fecha_hora unique (medico_id, fecha, hora)
    )
Hibernate: 
    create table consultorio (
        piso integer,
        id bigint generated by default as identity,
        numero varchar(255) unique,
        primary key (id)
    )
Hibernate: 
    create table medico (
        id bigint generated by default as identity,
        apellido varchar(255),
        especialidad varchar(255),
        nombre varchar(255),
        primary key (id)
    )
Hibernate: 
    create table paciente (
        fecha_nacimiento date,
        id bigint generated by default as identity,
        apellido varchar(255),
        email varchar(255) unique,
        nombre varchar(255),
        primary key (id)
    )
Hibernate: 
    alter table if exists cita 
       add constraint FKdf90y1t11oyx02gw08l69ucxm 
       foreign key (consultorio_id) 
       references consultorio
Hibernate: 
    alter table if exists cita 
       add constraint FKdfrd023l6bdxh9tb21isevvth 
       foreign key (medico_id) 
       references medico
Hibernate: 
    alter table if exists cita 
       add constraint FKdbtp2mwrvqktqu8954d3xaddv 
       foreign key (paciente_id) 
       references paciente
2025-08-15T11:06:30.210-05:00  INFO 3520 --- [citas-api] [           main] j.LocalContainerEntityManagerFactoryBean : Initialized JPA EntityManagerFactory for persistence unit 'default'
2025-08-15T11:06:30.261-05:00  WARN 3520 --- [citas-api] [           main] JpaBaseConfiguration$JpaWebConfiguration : spring.jpa.open-in-view is enabled by default. Therefore, database queries may be performed during view rendering. Explicitly configure spring.jpa.open-in-view to disable this warning
2025-08-15T11:06:30.323-05:00  INFO 3520 --- [citas-api] [           main] o.s.b.w.embedded.tomcat.TomcatWebServer  : Tomcat started on port 59535 (http) with context path '/'
2025-08-15T11:06:30.325-05:00  INFO 3520 --- [citas-api] [           main] .e.c.ApiValidationAndCitaIntegrationTest : Started ApiValidationAndCitaIntegrationTest in 0.361 seconds (process running for 10.618)
2025-08-15T11:06:30.333-05:00  INFO 3520 --- [citas-api] [o-auto-6-exec-1] o.a.c.c.C.[Tomcat].[localhost].[/]       : Initializing Spring DispatcherServlet 'dispatcherServlet'
2025-08-15T11:06:30.333-05:00  INFO 3520 --- [citas-api] [o-auto-6-exec-1] o.s.web.servlet.DispatcherServlet        : Initializing Servlet 'dispatcherServlet'
2025-08-15T11:06:30.333-05:00  INFO 3520 --- [citas-api] [o-auto-6-exec-1] o.s.web.servlet.DispatcherServlet        : Completed initialization in 0 ms
2025-08-15T11:06:30.366-05:00  INFO 3520 --- [citas-api] [           main] o.s.b.w.e.tomcat.GracefulShutdown        : Commencing graceful shutdown. Waiting for active requests to complete
2025-08-15T11:06:30.377-05:00  INFO 3520 --- [citas-api] [tomcat-shutdown] o.s.b.w.e.tomcat.GracefulShutdown        : Graceful shutdown complete
2025-08-15T11:06:30.379-05:00  INFO 3520 --- [citas-api] [           main] j.LocalContainerEntityManagerFactoryBean : Closing JPA EntityManagerFactory for persistence unit 'default'
Hibernate: 
    drop table if exists cita cascade 
Hibernate: 
    drop table if exists consultorio cascade 
Hibernate: 
    drop table if exists medico cascade 
Hibernate: 
    drop table if exists paciente cascade 
2025-08-15T11:06:30.381-05:00  INFO 3520 --- [citas-api] [           main] com.zaxxer.hikari.HikariDataSource       : HikariPool-6 - Shutdown initiated...
2025-08-15T11:06:30.402-05:00  INFO 3520 --- [citas-api] [           main] com.zaxxer.hikari.HikariDataSource       : HikariPool-6 - Shutdown completed.
]]></system-out>
  </testcase>
  <testcase name="pacienteValidacionInvalida" classname="com.example.citas.ApiValidationAndCitaIntegrationTest" time="0.055">
    <system-out><![CDATA[
  .   ____          _            __ _ _
 /\\ / ___'_ __ _ _(_)_ __  __ _ \ \ \ \
( ( )\___ | '_ | '_| | '_ \/ _` | \ \ \ \
 \\/  ___)| |_)| | | | | || (_| |  ) ) ) )
  '  |____| .__|_| |_|_| |_\__, | / / / /
 =========|_|==============|___/=/_/_/_/

 :: Spring Boot ::                (v3.5.4)

2025-08-15T11:06:30.424-05:00  INFO 3520 --- [citas-api] [           main] .e.c.ApiValidationAndCitaIntegrationTest : Starting ApiValidationAndCitaIntegrationTest using Java 24.0.1 with PID 3520 (started by santi in C:\Users\santi\Downloads\Clinica\citas_api)
2025-08-15T11:06:30.424-05:00  INFO 3520 --- [citas-api] [           main] .e.c.ApiValidationAndCitaIntegrationTest : No active profile set, falling back to 1 default profile: "default"
2025-08-15T11:06:30.540-05:00  INFO 3520 --- [citas-api] [           main] .s.d.r.c.RepositoryConfigurationDelegate : Bootstrapping Spring Data JPA repositories in DEFAULT mode.
2025-08-15T11:06:30.552-05:00  INFO 3520 --- [citas-api] [           main] .s.d.r.c.RepositoryConfigurationDelegate : Finished Spring Data repository scanning in 11 ms. Found 4 JPA repository interfaces.
2025-08-15T11:06:30.611-05:00  INFO 3520 --- [citas-api] [           main] o.s.b.w.embedded.tomcat.TomcatWebServer  : Tomcat initialized with port 0 (http)
2025-08-15T11:06:30.612-05:00  INFO 3520 --- [citas-api] [           main] o.apache.catalina.core.StandardService   : Starting service [Tomcat]
2025-08-15T11:06:30.612-05:00  INFO 3520 --- [citas-api] [           main] o.apache.catalina.core.StandardEngine    : Starting Servlet engine: [Apache Tomcat/10.1.43]
2025-08-15T11:06:30.632-05:00  INFO 3520 --- [citas-api] [           main] o.a.c.c.C.[Tomcat].[localhost].[/]       : Initializing Spring embedded WebApplicationContext
2025-08-15T11:06:30.633-05:00  INFO 3520 --- [citas-api] [           main] w.s.c.ServletWebServerApplicationContext : Root WebApplicationContext: initialization completed in 208 ms
2025-08-15T11:06:30.654-05:00  INFO 3520 --- [citas-api] [           main] o.hibernate.jpa.internal.util.LogHelper  : HHH000204: Processing PersistenceUnitInfo [name: default]
2025-08-15T11:06:30.656-05:00  INFO 3520 --- [citas-api] [           main] o.h.c.internal.RegionFactoryInitiator    : HHH000026: Second-level cache disabled
2025-08-15T11:06:30.661-05:00  INFO 3520 --- [citas-api] [           main] o.s.o.j.p.SpringPersistenceUnitInfo      : No LoadTimeWeaver setup: ignoring JPA class transformer
2025-08-15T11:06:30.662-05:00  INFO 3520 --- [citas-api] [           main] com.zaxxer.hikari.HikariDataSource       : HikariPool-7 - Starting...
2025-08-15T11:06:30.664-05:00  INFO 3520 --- [citas-api] [           main] com.zaxxer.hikari.pool.HikariPool        : HikariPool-7 - Added connection conn48: url=jdbc:h2:mem:testdb user=SA
2025-08-15T11:06:30.665-05:00  INFO 3520 --- [citas-api] [           main] com.zaxxer.hikari.HikariDataSource       : HikariPool-7 - Start completed.
2025-08-15T11:06:30.665-05:00  WARN 3520 --- [citas-api] [           main] org.hibernate.orm.deprecation            : HHH90000025: H2Dialect does not need to be specified explicitly using 'hibernate.dialect' (remove the property setting and it will be selected by default)
2025-08-15T11:06:30.665-05:00  INFO 3520 --- [citas-api] [           main] org.hibernate.orm.connections.pooling    : HHH10001005: Database info:
	Database JDBC URL [Connecting through datasource 'HikariDataSource (HikariPool-7)']
	Database driver: undefined/unknown
	Database version: 2.3.232
	Autocommit mode: undefined/unknown
	Isolation level: undefined/unknown
	Minimum pool size: undefined/unknown
	Maximum pool size: undefined/unknown
2025-08-15T11:06:30.701-05:00  INFO 3520 --- [citas-api] [           main] o.h.e.t.j.p.i.JtaPlatformInitiator       : HHH000489: No JTA platform available (set 'hibernate.transaction.jta.platform' to enable JTA platform integration)
Hibernate: 
    drop table if exists cita cascade 
Hibernate: 
    drop table if exists consultorio cascade 
Hibernate: 
    drop table if exists medico cascade 
Hibernate: 
    drop table if exists paciente cascade 
Hibernate: 
    create table cita (
        fecha date,
        hora time(6),
        consultorio_id bigint not null,
        id bigint generated by default as identity,
        medico_id bigint not null,
        paciente_id bigint not null,
        primary key (id),
        constraint uk_medico_fecha_hora unique (medico_id, fecha, hora)
    )
Hibernate: 
    create table consultorio (
        piso integer,
        id bigint generated by default as identity,
        numero varchar(255) unique,
        primary key (id)
    )
Hibernate: 
    create table medico (
        id bigint generated by default as identity,
        apellido varchar(255),
        especialidad varchar(255),
        nombre varchar(255),
        primary key (id)
    )
Hibernate: 
    create table paciente (
        fecha_nacimiento date,
        id bigint generated by default as identity,
        apellido varchar(255),
        email varchar(255) unique,
        nombre varchar(255),
        primary key (id)
    )
Hibernate: 
    alter table if exists cita 
       add constraint FKdf90y1t11oyx02gw08l69ucxm 
       foreign key (consultorio_id) 
       references consultorio
Hibernate: 
    alter table if exists cita 
       add constraint FKdfrd023l6bdxh9tb21isevvth 
       foreign key (medico_id) 
       references medico
Hibernate: 
    alter table if exists cita 
       add constraint FKdbtp2mwrvqktqu8954d3xaddv 
       foreign key (paciente_id) 
       references paciente
2025-08-15T11:06:30.710-05:00  INFO 3520 --- [citas-api] [           main] j.LocalContainerEntityManagerFactoryBean : Initialized JPA EntityManagerFactory for persistence unit 'default'
2025-08-15T11:06:30.758-05:00  WARN 3520 --- [citas-api] [           main] JpaBaseConfiguration$JpaWebConfiguration : spring.jpa.open-in-view is enabled by default. Therefore, database queries may be performed during view rendering. Explicitly configure spring.jpa.open-in-view to disable this warning
2025-08-15T11:06:30.831-05:00  INFO 3520 --- [citas-api] [           main] o.s.b.w.embedded.tomcat.TomcatWebServer  : Tomcat started on port 59540 (http) with context path '/'
2025-08-15T11:06:30.840-05:00  INFO 3520 --- [citas-api] [           main] .e.c.ApiValidationAndCitaIntegrationTest : Started ApiValidationAndCitaIntegrationTest in 0.432 seconds (process running for 11.133)
2025-08-15T11:06:30.848-05:00  INFO 3520 --- [citas-api] [o-auto-7-exec-1] o.a.c.c.C.[Tomcat].[localhost].[/]       : Initializing Spring DispatcherServlet 'dispatcherServlet'
2025-08-15T11:06:30.848-05:00  INFO 3520 --- [citas-api] [o-auto-7-exec-1] o.s.web.servlet.DispatcherServlet        : Initializing Servlet 'dispatcherServlet'
2025-08-15T11:06:30.849-05:00  INFO 3520 --- [citas-api] [o-auto-7-exec-1] o.s.web.servlet.DispatcherServlet        : Completed initialization in 1 ms
2025-08-15T11:06:30.866-05:00  INFO 3520 --- [citas-api] [           main] o.s.b.w.e.tomcat.GracefulShutdown        : Commencing graceful shutdown. Waiting for active requests to complete
2025-08-15T11:06:30.874-05:00  INFO 3520 --- [citas-api] [tomcat-shutdown] o.s.b.w.e.tomcat.GracefulShutdown        : Graceful shutdown complete
2025-08-15T11:06:30.875-05:00  INFO 3520 --- [citas-api] [           main] j.LocalContainerEntityManagerFactoryBean : Closing JPA EntityManagerFactory for persistence unit 'default'
Hibernate: 
    drop table if exists cita cascade 
Hibernate: 
    drop table if exists consultorio cascade 
Hibernate: 
    drop table if exists medico cascade 
Hibernate: 
    drop table if exists paciente cascade 
2025-08-15T11:06:30.878-05:00  INFO 3520 --- [citas-api] [           main] com.zaxxer.hikari.HikariDataSource       : HikariPool-7 - Shutdown initiated...
2025-08-15T11:06:30.892-05:00  INFO 3520 --- [citas-api] [           main] com.zaxxer.hikari.HikariDataSource       : HikariPool-7 - Shutdown completed.
]]></system-out>
  </testcase>
  <testcase name="consultorioInvalido" classname="com.example.citas.ApiValidationAndCitaIntegrationTest" time="0.064">
    <system-out><![CDATA[
  .   ____          _            __ _ _
 /\\ / ___'_ __ _ _(_)_ __  __ _ \ \ \ \
( ( )\___ | '_ | '_| | '_ \/ _` | \ \ \ \
 \\/  ___)| |_)| | | | | || (_| |  ) ) ) )
  '  |____| .__|_| |_|_| |_\__, | / / / /
 =========|_|==============|___/=/_/_/_/

 :: Spring Boot ::                (v3.5.4)

2025-08-15T11:06:30.915-05:00  INFO 3520 --- [citas-api] [           main] .e.c.ApiValidationAndCitaIntegrationTest : Starting ApiValidationAndCitaIntegrationTest using Java 24.0.1 with PID 3520 (started by santi in C:\Users\santi\Downloads\Clinica\citas_api)
2025-08-15T11:06:30.916-05:00  INFO 3520 --- [citas-api] [           main] .e.c.ApiValidationAndCitaIntegrationTest : No active profile set, falling back to 1 default profile: "default"
2025-08-15T11:06:31.029-05:00  INFO 3520 --- [citas-api] [           main] .s.d.r.c.RepositoryConfigurationDelegate : Bootstrapping Spring Data JPA repositories in DEFAULT mode.
2025-08-15T11:06:31.042-05:00  INFO 3520 --- [citas-api] [           main] .s.d.r.c.RepositoryConfigurationDelegate : Finished Spring Data repository scanning in 12 ms. Found 4 JPA repository interfaces.
2025-08-15T11:06:31.084-05:00  INFO 3520 --- [citas-api] [           main] o.s.b.w.embedded.tomcat.TomcatWebServer  : Tomcat initialized with port 0 (http)
2025-08-15T11:06:31.085-05:00  INFO 3520 --- [citas-api] [           main] o.apache.catalina.core.StandardService   : Starting service [Tomcat]
2025-08-15T11:06:31.086-05:00  INFO 3520 --- [citas-api] [           main] o.apache.catalina.core.StandardEngine    : Starting Servlet engine: [Apache Tomcat/10.1.43]
2025-08-15T11:06:31.104-05:00  INFO 3520 --- [citas-api] [           main] o.a.c.c.C.[Tomcat].[localhost].[/]       : Initializing Spring embedded WebApplicationContext
2025-08-15T11:06:31.104-05:00  INFO 3520 --- [citas-api] [           main] w.s.c.ServletWebServerApplicationContext : Root WebApplicationContext: initialization completed in 188 ms
2025-08-15T11:06:31.128-05:00  INFO 3520 --- [citas-api] [           main] o.hibernate.jpa.internal.util.LogHelper  : HHH000204: Processing PersistenceUnitInfo [name: default]
2025-08-15T11:06:31.130-05:00  INFO 3520 --- [citas-api] [           main] o.h.c.internal.RegionFactoryInitiator    : HHH000026: Second-level cache disabled
2025-08-15T11:06:31.136-05:00  INFO 3520 --- [citas-api] [           main] o.s.o.j.p.SpringPersistenceUnitInfo      : No LoadTimeWeaver setup: ignoring JPA class transformer
2025-08-15T11:06:31.137-05:00  INFO 3520 --- [citas-api] [           main] com.zaxxer.hikari.HikariDataSource       : HikariPool-8 - Starting...
2025-08-15T11:06:31.140-05:00  INFO 3520 --- [citas-api] [           main] com.zaxxer.hikari.pool.HikariPool        : HikariPool-8 - Added connection conn53: url=jdbc:h2:mem:testdb user=SA
2025-08-15T11:06:31.140-05:00  INFO 3520 --- [citas-api] [           main] com.zaxxer.hikari.HikariDataSource       : HikariPool-8 - Start completed.
2025-08-15T11:06:31.140-05:00  WARN 3520 --- [citas-api] [           main] org.hibernate.orm.deprecation            : HHH90000025: H2Dialect does not need to be specified explicitly using 'hibernate.dialect' (remove the property setting and it will be selected by default)
2025-08-15T11:06:31.141-05:00  INFO 3520 --- [citas-api] [           main] org.hibernate.orm.connections.pooling    : HHH10001005: Database info:
	Database JDBC URL [Connecting through datasource 'HikariDataSource (HikariPool-8)']
	Database driver: undefined/unknown
	Database version: 2.3.232
	Autocommit mode: undefined/unknown
	Isolation level: undefined/unknown
	Minimum pool size: undefined/unknown
	Maximum pool size: undefined/unknown
2025-08-15T11:06:31.174-05:00  INFO 3520 --- [citas-api] [           main] o.h.e.t.j.p.i.JtaPlatformInitiator       : HHH000489: No JTA platform available (set 'hibernate.transaction.jta.platform' to enable JTA platform integration)
Hibernate: 
    drop table if exists cita cascade 
Hibernate: 
    drop table if exists consultorio cascade 
Hibernate: 
    drop table if exists medico cascade 
Hibernate: 
    drop table if exists paciente cascade 
Hibernate: 
    create table cita (
        fecha date,
        hora time(6),
        consultorio_id bigint not null,
        id bigint generated by default as identity,
        medico_id bigint not null,
        paciente_id bigint not null,
        primary key (id),
        constraint uk_medico_fecha_hora unique (medico_id, fecha, hora)
    )
Hibernate: 
    create table consultorio (
        piso integer,
        id bigint generated by default as identity,
        numero varchar(255) unique,
        primary key (id)
    )
Hibernate: 
    create table medico (
        id bigint generated by default as identity,
        apellido varchar(255),
        especialidad varchar(255),
        nombre varchar(255),
        primary key (id)
    )
Hibernate: 
    create table paciente (
        fecha_nacimiento date,
        id bigint generated by default as identity,
        apellido varchar(255),
        email varchar(255) unique,
        nombre varchar(255),
        primary key (id)
    )
Hibernate: 
    alter table if exists cita 
       add constraint FKdf90y1t11oyx02gw08l69ucxm 
       foreign key (consultorio_id) 
       references consultorio
Hibernate: 
    alter table if exists cita 
       add constraint FKdfrd023l6bdxh9tb21isevvth 
       foreign key (medico_id) 
       references medico
Hibernate: 
    alter table if exists cita 
       add constraint FKdbtp2mwrvqktqu8954d3xaddv 
       foreign key (paciente_id) 
       references paciente
2025-08-15T11:06:31.181-05:00  INFO 3520 --- [citas-api] [           main] j.LocalContainerEntityManagerFactoryBean : Initialized JPA EntityManagerFactory for persistence unit 'default'
2025-08-15T11:06:31.227-05:00  WARN 3520 --- [citas-api] [           main] JpaBaseConfiguration$JpaWebConfiguration : spring.jpa.open-in-view is enabled by default. Therefore, database queries may be performed during view rendering. Explicitly configure spring.jpa.open-in-view to disable this warning
2025-08-15T11:06:31.271-05:00  INFO 3520 --- [citas-api] [           main] o.s.b.w.embedded.tomcat.TomcatWebServer  : Tomcat started on port 59543 (http) with context path '/'
2025-08-15T11:06:31.273-05:00  INFO 3520 --- [citas-api] [           main] .e.c.ApiValidationAndCitaIntegrationTest : Started ApiValidationAndCitaIntegrationTest in 0.375 seconds (process running for 11.567)
2025-08-15T11:06:31.279-05:00  INFO 3520 --- [citas-api] [o-auto-8-exec-1] o.a.c.c.C.[Tomcat].[localhost].[/]       : Initializing Spring DispatcherServlet 'dispatcherServlet'
2025-08-15T11:06:31.280-05:00  INFO 3520 --- [citas-api] [o-auto-8-exec-1] o.s.web.servlet.DispatcherServlet        : Initializing Servlet 'dispatcherServlet'
2025-08-15T11:06:31.280-05:00  INFO 3520 --- [citas-api] [o-auto-8-exec-1] o.s.web.servlet.DispatcherServlet        : Completed initialization in 0 ms
2025-08-15T11:06:31.297-05:00  INFO 3520 --- [citas-api] [           main] o.s.b.w.e.tomcat.GracefulShutdown        : Commencing graceful shutdown. Waiting for active requests to complete
2025-08-15T11:06:31.304-05:00  INFO 3520 --- [citas-api] [tomcat-shutdown] o.s.b.w.e.tomcat.GracefulShutdown        : Graceful shutdown complete
2025-08-15T11:06:31.307-05:00  INFO 3520 --- [citas-api] [           main] j.LocalContainerEntityManagerFactoryBean : Closing JPA EntityManagerFactory for persistence unit 'default'
Hibernate: 
    drop table if exists cita cascade 
Hibernate: 
    drop table if exists consultorio cascade 
Hibernate: 
    drop table if exists medico cascade 
Hibernate: 
    drop table if exists paciente cascade 
2025-08-15T11:06:31.309-05:00  INFO 3520 --- [citas-api] [           main] com.zaxxer.hikari.HikariDataSource       : HikariPool-8 - Shutdown initiated...
2025-08-15T11:06:31.336-05:00  INFO 3520 --- [citas-api] [           main] com.zaxxer.hikari.HikariDataSource       : HikariPool-8 - Shutdown completed.
]]></system-out>
  </testcase>
</testsuite>